2021-07-07 22:46:35 INFO  HeapSort:17 - Heap steps
2021-07-07 22:46:35 INFO  CocktailSort:17 - Cocktail steps
2021-07-07 22:46:35 INFO  HeapSort:17 - Heap steps
2021-07-07 22:46:35 INFO  BubbleSort:36 - Bubble steps
2021-07-07 22:46:35 INFO  CocktailSort:17 - Cocktail steps
2021-07-07 22:46:35 INFO  BubbleSort:36 - Bubble steps
2021-07-07 22:46:35 INFO  CocktailSort:17 - Cocktail steps
2021-07-07 22:46:35 INFO  HeapSort:17 - Heap steps
2021-07-07 22:46:35 INFO  BubbleSort:36 - Bubble steps
2021-07-07 23:01:41 INFO  BubbleSort:36 - Bubble steps
2021-07-07 23:01:41 INFO  SortVariant:25 - Change position
2021-07-07 23:01:41 INFO  SortVariant:25 - Change position
2021-07-07 23:01:41 INFO  SortVariant:25 - Change position
2021-07-07 23:01:41 INFO  SortVariant:25 - Change position
2021-07-07 23:01:41 INFO  SortVariant:25 - Change position
2021-07-07 23:01:41 INFO  SortVariant:25 - Change position
2021-07-07 23:01:41 INFO  SortVariant:25 - Change position
2021-07-07 23:01:41 INFO  SortVariant:25 - Change position
2021-07-07 23:01:41 INFO  SortVariant:25 - Change position
2021-07-07 23:01:41 INFO  SortVariant:25 - Change position
2021-07-07 23:01:41 INFO  SortVariant:25 - Change position
2021-07-07 23:01:41 INFO  SortVariant:25 - Change position
2021-07-07 23:01:41 INFO  SortVariant:25 - Change position
2021-07-07 23:01:41 INFO  SortVariant:25 - Change position
2021-07-07 23:01:41 INFO  SortVariant:25 - Change position
2021-07-07 23:01:41 INFO  SortVariant:25 - Change position
2021-07-07 23:01:41 INFO  SortVariant:25 - Change position
2021-07-07 23:01:41 INFO  SortVariant:25 - Change position
2021-07-07 23:01:41 INFO  SortVariant:25 - Change position
2021-07-07 23:01:41 INFO  SortVariant:25 - Change position
2021-07-07 23:01:41 INFO  SortVariant:25 - Change position
2021-07-07 23:01:41 INFO  SortVariant:25 - Change position
2021-07-07 23:01:41 INFO  SortVariant:25 - Change position
2021-07-07 23:01:41 INFO  SortVariant:25 - Change position
2021-07-07 23:01:41 INFO  SortVariant:25 - Change position
2021-07-07 23:01:41 INFO  SortVariant:25 - Change position
2021-07-07 23:01:41 INFO  SortVariant:25 - Change position
2021-07-07 23:01:41 INFO  SortVariant:25 - Change position
2021-07-07 23:01:41 INFO  SortVariant:25 - Change position
2021-07-07 23:01:41 INFO  SortVariant:25 - Change position
2021-07-07 23:01:41 INFO  SortVariant:25 - Change position
2021-07-07 23:01:41 INFO  SortVariant:25 - Change position
2021-07-07 23:01:41 INFO  SortVariant:25 - Change position
2021-07-07 23:01:41 INFO  SortVariant:25 - Change position
2021-07-07 23:01:41 INFO  SortVariant:25 - Change position
2021-07-07 23:01:41 INFO  SortVariant:25 - Change position
2021-07-07 23:01:41 INFO  SortVariant:25 - Change position
2021-07-07 23:01:41 INFO  SortVariant:25 - Change position
2021-07-07 23:01:41 INFO  SortVariant:25 - Change position
2021-07-07 23:01:41 INFO  SortVariant:25 - Change position
2021-07-07 23:01:41 INFO  SortVariant:25 - Change position
2021-07-07 23:01:41 INFO  SortVariant:25 - Change position
2021-07-07 23:01:41 INFO  SortVariant:25 - Change position
2021-07-07 23:01:41 INFO  SortVariant:25 - Change position
2021-07-07 23:01:41 INFO  SortVariant:25 - Change position
2021-07-07 23:01:41 INFO  SortVariant:25 - Change position
2021-07-07 23:01:41 INFO  SortVariant:25 - Change position
2021-07-07 23:01:41 INFO  SortVariant:25 - Change position
2021-07-07 23:01:41 INFO  SortVariant:25 - Change position
2021-07-07 23:01:41 INFO  SortVariant:25 - Change position
2021-07-07 23:01:41 INFO  SortVariant:25 - Change position
2021-07-07 23:01:41 INFO  SortVariant:25 - Change position
2021-07-07 23:01:41 INFO  SortVariant:25 - Change position
2021-07-07 23:01:41 INFO  SortVariant:25 - Change position
2021-07-07 23:01:41 INFO  SortVariant:25 - Change position
2021-07-07 23:01:41 INFO  SortVariant:25 - Change position
2021-07-07 23:01:41 INFO  SortVariant:25 - Change position
2021-07-07 23:01:41 INFO  SortVariant:25 - Change position
2021-07-07 23:01:41 INFO  SortVariant:25 - Change position
2021-07-07 23:01:41 INFO  SortVariant:25 - Change position
2021-07-07 23:01:41 INFO  SortVariant:25 - Change position
2021-07-07 23:01:41 INFO  SortVariant:25 - Change position
2021-07-07 23:01:41 INFO  SortVariant:25 - Change position
2021-07-07 23:01:41 INFO  SortVariant:25 - Change position
2021-07-07 23:01:41 INFO  SortVariant:25 - Change position
2021-07-07 23:01:41 INFO  SortVariant:25 - Change position
2021-07-07 23:01:41 INFO  SortVariant:25 - Change position
2021-07-07 23:01:41 INFO  SortVariant:25 - Change position
2021-07-07 23:01:41 INFO  SortVariant:25 - Change position
2021-07-07 23:01:41 INFO  SortVariant:25 - Change position
2021-07-07 23:01:41 ERROR SortVariant:28 - Cant go next
2021-07-07 23:01:41 ERROR SortVariant:28 - Cant go next
2021-07-07 23:01:41 INFO  SortVariant:44 - Move to last
2021-07-07 23:01:41 INFO  SortVariant:35 - Change position
2021-07-07 23:01:41 INFO  SortVariant:35 - Change position
2021-07-07 23:01:41 INFO  SortVariant:35 - Change position
2021-07-07 23:01:41 INFO  SortVariant:35 - Change position
2021-07-07 23:01:41 INFO  SortVariant:35 - Change position
2021-07-07 23:01:41 INFO  SortVariant:35 - Change position
2021-07-07 23:01:41 INFO  SortVariant:35 - Change position
2021-07-07 23:01:41 INFO  SortVariant:35 - Change position
2021-07-07 23:01:41 INFO  SortVariant:35 - Change position
2021-07-07 23:01:41 INFO  SortVariant:35 - Change position
2021-07-07 23:01:41 INFO  SortVariant:35 - Change position
2021-07-07 23:01:41 INFO  SortVariant:35 - Change position
2021-07-07 23:01:41 INFO  SortVariant:35 - Change position
2021-07-07 23:01:41 INFO  SortVariant:35 - Change position
2021-07-07 23:01:41 INFO  SortVariant:35 - Change position
2021-07-07 23:01:41 INFO  SortVariant:35 - Change position
2021-07-07 23:01:41 INFO  SortVariant:35 - Change position
2021-07-07 23:01:41 INFO  SortVariant:35 - Change position
2021-07-07 23:01:41 INFO  SortVariant:35 - Change position
2021-07-07 23:01:41 INFO  SortVariant:35 - Change position
2021-07-07 23:01:41 INFO  SortVariant:35 - Change position
2021-07-07 23:01:41 INFO  SortVariant:35 - Change position
2021-07-07 23:01:41 INFO  SortVariant:35 - Change position
2021-07-07 23:01:41 INFO  SortVariant:35 - Change position
2021-07-07 23:01:41 INFO  SortVariant:35 - Change position
2021-07-07 23:01:41 INFO  SortVariant:35 - Change position
2021-07-07 23:01:41 INFO  SortVariant:35 - Change position
2021-07-07 23:01:41 INFO  SortVariant:35 - Change position
2021-07-07 23:01:41 INFO  SortVariant:35 - Change position
2021-07-07 23:01:41 INFO  SortVariant:35 - Change position
2021-07-07 23:01:41 INFO  SortVariant:35 - Change position
2021-07-07 23:01:41 INFO  SortVariant:35 - Change position
2021-07-07 23:01:41 INFO  SortVariant:35 - Change position
2021-07-07 23:01:41 INFO  SortVariant:35 - Change position
2021-07-07 23:01:41 INFO  SortVariant:35 - Change position
2021-07-07 23:01:41 INFO  SortVariant:35 - Change position
2021-07-07 23:01:41 INFO  SortVariant:35 - Change position
2021-07-07 23:01:41 INFO  SortVariant:35 - Change position
2021-07-07 23:01:41 INFO  SortVariant:35 - Change position
2021-07-07 23:01:41 INFO  SortVariant:35 - Change position
2021-07-07 23:01:41 INFO  SortVariant:35 - Change position
2021-07-07 23:01:41 INFO  SortVariant:35 - Change position
2021-07-07 23:01:41 INFO  SortVariant:35 - Change position
2021-07-07 23:01:41 INFO  SortVariant:35 - Change position
2021-07-07 23:01:41 INFO  SortVariant:35 - Change position
2021-07-07 23:01:41 INFO  SortVariant:35 - Change position
2021-07-07 23:01:41 INFO  SortVariant:35 - Change position
2021-07-07 23:01:41 INFO  SortVariant:35 - Change position
2021-07-07 23:01:41 INFO  SortVariant:35 - Change position
2021-07-07 23:01:41 INFO  SortVariant:35 - Change position
2021-07-07 23:01:41 INFO  SortVariant:35 - Change position
2021-07-07 23:01:41 INFO  SortVariant:35 - Change position
2021-07-07 23:01:41 INFO  SortVariant:35 - Change position
2021-07-07 23:01:41 INFO  SortVariant:35 - Change position
2021-07-07 23:01:41 INFO  SortVariant:35 - Change position
2021-07-07 23:01:41 INFO  SortVariant:35 - Change position
2021-07-07 23:01:41 INFO  SortVariant:35 - Change position
2021-07-07 23:01:41 INFO  SortVariant:35 - Change position
2021-07-07 23:01:41 INFO  SortVariant:35 - Change position
2021-07-07 23:01:41 INFO  SortVariant:35 - Change position
2021-07-07 23:01:41 INFO  SortVariant:35 - Change position
2021-07-07 23:01:41 INFO  SortVariant:35 - Change position
2021-07-07 23:01:41 INFO  SortVariant:35 - Change position
2021-07-07 23:01:41 INFO  SortVariant:35 - Change position
2021-07-07 23:01:41 INFO  SortVariant:35 - Change position
2021-07-07 23:01:41 INFO  SortVariant:35 - Change position
2021-07-07 23:01:41 INFO  SortVariant:35 - Change position
2021-07-07 23:01:41 INFO  SortVariant:35 - Change position
2021-07-07 23:01:41 INFO  SortVariant:35 - Change position
2021-07-07 23:01:41 INFO  SortVariant:35 - Change position
2021-07-07 23:01:41 ERROR SortVariant:38 - Cant go prev
2021-07-07 23:01:41 ERROR SortVariant:38 - Cant go prev
2021-07-07 23:01:41 INFO  SortVariant:49 - Move to first
2021-07-07 23:02:31 INFO  BubbleSort:36 - Bubble steps
2021-07-07 23:02:31 INFO  SortVariant:25 - Change position
2021-07-07 23:02:31 INFO  SortVariant:25 - Change position
2021-07-07 23:02:31 INFO  SortVariant:25 - Change position
2021-07-07 23:02:31 INFO  SortVariant:25 - Change position
2021-07-07 23:02:31 INFO  SortVariant:25 - Change position
2021-07-07 23:02:31 INFO  SortVariant:25 - Change position
2021-07-07 23:02:31 INFO  SortVariant:25 - Change position
2021-07-07 23:02:31 INFO  SortVariant:25 - Change position
2021-07-07 23:02:31 INFO  SortVariant:25 - Change position
2021-07-07 23:02:31 INFO  SortVariant:25 - Change position
2021-07-07 23:02:31 INFO  SortVariant:25 - Change position
2021-07-07 23:02:31 INFO  SortVariant:25 - Change position
2021-07-07 23:02:31 INFO  SortVariant:25 - Change position
2021-07-07 23:02:31 INFO  SortVariant:25 - Change position
2021-07-07 23:02:31 INFO  SortVariant:25 - Change position
2021-07-07 23:02:31 INFO  SortVariant:25 - Change position
2021-07-07 23:02:31 INFO  SortVariant:25 - Change position
2021-07-07 23:02:31 INFO  SortVariant:25 - Change position
2021-07-07 23:02:31 INFO  SortVariant:25 - Change position
2021-07-07 23:02:31 INFO  SortVariant:25 - Change position
2021-07-07 23:02:31 INFO  SortVariant:25 - Change position
2021-07-07 23:02:31 INFO  SortVariant:25 - Change position
2021-07-07 23:02:31 INFO  SortVariant:25 - Change position
2021-07-07 23:02:31 INFO  SortVariant:25 - Change position
2021-07-07 23:02:31 INFO  SortVariant:25 - Change position
2021-07-07 23:02:31 INFO  SortVariant:25 - Change position
2021-07-07 23:02:31 INFO  SortVariant:25 - Change position
2021-07-07 23:02:31 INFO  SortVariant:25 - Change position
2021-07-07 23:02:31 INFO  SortVariant:25 - Change position
2021-07-07 23:02:31 INFO  SortVariant:25 - Change position
2021-07-07 23:02:31 INFO  SortVariant:25 - Change position
2021-07-07 23:02:31 INFO  SortVariant:25 - Change position
2021-07-07 23:02:31 INFO  SortVariant:25 - Change position
2021-07-07 23:02:31 INFO  SortVariant:25 - Change position
2021-07-07 23:02:31 INFO  SortVariant:25 - Change position
2021-07-07 23:02:31 INFO  SortVariant:25 - Change position
2021-07-07 23:02:31 INFO  SortVariant:25 - Change position
2021-07-07 23:02:31 INFO  SortVariant:25 - Change position
2021-07-07 23:02:31 INFO  SortVariant:25 - Change position
2021-07-07 23:02:31 INFO  SortVariant:25 - Change position
2021-07-07 23:02:31 INFO  SortVariant:25 - Change position
2021-07-07 23:02:31 INFO  SortVariant:25 - Change position
2021-07-07 23:02:31 INFO  SortVariant:25 - Change position
2021-07-07 23:02:31 INFO  SortVariant:25 - Change position
2021-07-07 23:02:31 INFO  SortVariant:25 - Change position
2021-07-07 23:02:31 INFO  SortVariant:25 - Change position
2021-07-07 23:02:31 INFO  SortVariant:25 - Change position
2021-07-07 23:02:31 INFO  SortVariant:25 - Change position
2021-07-07 23:02:31 INFO  SortVariant:25 - Change position
2021-07-07 23:02:31 INFO  SortVariant:25 - Change position
2021-07-07 23:02:31 INFO  SortVariant:25 - Change position
2021-07-07 23:02:31 INFO  SortVariant:25 - Change position
2021-07-07 23:02:31 INFO  SortVariant:25 - Change position
2021-07-07 23:02:31 INFO  SortVariant:25 - Change position
2021-07-07 23:02:31 INFO  SortVariant:25 - Change position
2021-07-07 23:02:31 INFO  SortVariant:25 - Change position
2021-07-07 23:02:31 INFO  SortVariant:25 - Change position
2021-07-07 23:02:31 INFO  SortVariant:25 - Change position
2021-07-07 23:02:31 INFO  SortVariant:25 - Change position
2021-07-07 23:02:31 INFO  SortVariant:25 - Change position
2021-07-07 23:02:31 INFO  SortVariant:25 - Change position
2021-07-07 23:02:31 INFO  SortVariant:25 - Change position
2021-07-07 23:02:31 INFO  SortVariant:25 - Change position
2021-07-07 23:02:31 INFO  SortVariant:25 - Change position
2021-07-07 23:02:31 INFO  SortVariant:25 - Change position
2021-07-07 23:02:31 INFO  SortVariant:25 - Change position
2021-07-07 23:02:31 INFO  SortVariant:25 - Change position
2021-07-07 23:02:31 INFO  SortVariant:25 - Change position
2021-07-07 23:02:31 INFO  SortVariant:25 - Change position
2021-07-07 23:02:31 INFO  SortVariant:25 - Change position
2021-07-07 23:02:31 ERROR SortVariant:28 - Cant go next
2021-07-07 23:02:31 ERROR SortVariant:28 - Cant go next
2021-07-07 23:02:31 INFO  SortVariant:44 - Move to last
2021-07-07 23:02:31 ERROR SortVariant:28 - Cant go next
2021-07-07 23:02:31 INFO  SortVariant:35 - Change position
2021-07-07 23:02:31 INFO  SortVariant:35 - Change position
2021-07-07 23:02:31 INFO  SortVariant:35 - Change position
2021-07-07 23:02:31 INFO  SortVariant:35 - Change position
2021-07-07 23:02:31 INFO  SortVariant:35 - Change position
2021-07-07 23:02:31 INFO  SortVariant:35 - Change position
2021-07-07 23:02:31 INFO  SortVariant:35 - Change position
2021-07-07 23:02:31 INFO  SortVariant:35 - Change position
2021-07-07 23:02:31 INFO  SortVariant:35 - Change position
2021-07-07 23:02:31 INFO  SortVariant:35 - Change position
2021-07-07 23:02:31 INFO  SortVariant:35 - Change position
2021-07-07 23:02:31 INFO  SortVariant:35 - Change position
2021-07-07 23:02:31 INFO  SortVariant:35 - Change position
2021-07-07 23:02:31 INFO  SortVariant:35 - Change position
2021-07-07 23:02:31 INFO  SortVariant:35 - Change position
2021-07-07 23:02:31 INFO  SortVariant:35 - Change position
2021-07-07 23:02:31 INFO  SortVariant:35 - Change position
2021-07-07 23:02:31 INFO  SortVariant:35 - Change position
2021-07-07 23:02:31 INFO  SortVariant:35 - Change position
2021-07-07 23:02:31 INFO  SortVariant:35 - Change position
2021-07-07 23:02:31 INFO  SortVariant:35 - Change position
2021-07-07 23:02:31 INFO  SortVariant:35 - Change position
2021-07-07 23:02:31 INFO  SortVariant:35 - Change position
2021-07-07 23:02:31 INFO  SortVariant:35 - Change position
2021-07-07 23:02:31 INFO  SortVariant:35 - Change position
2021-07-07 23:02:31 INFO  SortVariant:35 - Change position
2021-07-07 23:02:31 INFO  SortVariant:35 - Change position
2021-07-07 23:02:31 INFO  SortVariant:35 - Change position
2021-07-07 23:02:31 INFO  SortVariant:35 - Change position
2021-07-07 23:02:31 INFO  SortVariant:35 - Change position
2021-07-07 23:02:31 INFO  SortVariant:35 - Change position
2021-07-07 23:02:31 INFO  SortVariant:35 - Change position
2021-07-07 23:02:31 INFO  SortVariant:35 - Change position
2021-07-07 23:02:31 INFO  SortVariant:35 - Change position
2021-07-07 23:02:31 INFO  SortVariant:35 - Change position
2021-07-07 23:02:31 INFO  SortVariant:35 - Change position
2021-07-07 23:02:31 INFO  SortVariant:35 - Change position
2021-07-07 23:02:31 INFO  SortVariant:35 - Change position
2021-07-07 23:02:31 INFO  SortVariant:35 - Change position
2021-07-07 23:02:31 INFO  SortVariant:35 - Change position
2021-07-07 23:02:31 INFO  SortVariant:35 - Change position
2021-07-07 23:02:31 INFO  SortVariant:35 - Change position
2021-07-07 23:02:31 INFO  SortVariant:35 - Change position
2021-07-07 23:02:31 INFO  SortVariant:35 - Change position
2021-07-07 23:02:31 INFO  SortVariant:35 - Change position
2021-07-07 23:02:31 INFO  SortVariant:35 - Change position
2021-07-07 23:02:31 INFO  SortVariant:35 - Change position
2021-07-07 23:02:31 INFO  SortVariant:35 - Change position
2021-07-07 23:02:31 INFO  SortVariant:35 - Change position
2021-07-07 23:02:31 INFO  SortVariant:35 - Change position
2021-07-07 23:02:31 INFO  SortVariant:35 - Change position
2021-07-07 23:02:31 INFO  SortVariant:35 - Change position
2021-07-07 23:02:31 INFO  SortVariant:35 - Change position
2021-07-07 23:02:31 INFO  SortVariant:35 - Change position
2021-07-07 23:02:31 INFO  SortVariant:35 - Change position
2021-07-07 23:02:31 INFO  SortVariant:35 - Change position
2021-07-07 23:02:31 INFO  SortVariant:35 - Change position
2021-07-07 23:02:31 INFO  SortVariant:35 - Change position
2021-07-07 23:02:31 INFO  SortVariant:35 - Change position
2021-07-07 23:02:31 INFO  SortVariant:35 - Change position
2021-07-07 23:02:31 INFO  SortVariant:35 - Change position
2021-07-07 23:02:31 INFO  SortVariant:35 - Change position
2021-07-07 23:02:31 INFO  SortVariant:35 - Change position
2021-07-07 23:02:31 INFO  SortVariant:35 - Change position
2021-07-07 23:02:31 INFO  SortVariant:35 - Change position
2021-07-07 23:02:31 INFO  SortVariant:35 - Change position
2021-07-07 23:02:31 INFO  SortVariant:35 - Change position
2021-07-07 23:02:31 INFO  SortVariant:35 - Change position
2021-07-07 23:02:31 INFO  SortVariant:35 - Change position
2021-07-07 23:02:31 INFO  SortVariant:35 - Change position
2021-07-07 23:02:31 ERROR SortVariant:38 - Cant go prev
2021-07-07 23:02:31 ERROR SortVariant:38 - Cant go prev
2021-07-07 23:02:31 INFO  SortVariant:49 - Move to first
2021-07-07 23:03:09 INFO  BubbleSort:36 - Bubble steps
2021-07-07 23:03:09 INFO  SortVariant:25 - Change position
2021-07-07 23:03:09 INFO  SortVariant:25 - Change position
2021-07-07 23:03:09 INFO  SortVariant:25 - Change position
2021-07-07 23:03:09 INFO  SortVariant:25 - Change position
2021-07-07 23:03:09 INFO  SortVariant:25 - Change position
2021-07-07 23:03:09 INFO  SortVariant:25 - Change position
2021-07-07 23:03:09 INFO  SortVariant:25 - Change position
2021-07-07 23:03:09 INFO  SortVariant:25 - Change position
2021-07-07 23:03:09 INFO  SortVariant:25 - Change position
2021-07-07 23:03:09 INFO  SortVariant:25 - Change position
2021-07-07 23:03:09 INFO  SortVariant:25 - Change position
2021-07-07 23:03:09 INFO  SortVariant:25 - Change position
2021-07-07 23:03:09 INFO  SortVariant:25 - Change position
2021-07-07 23:03:09 INFO  SortVariant:25 - Change position
2021-07-07 23:03:09 INFO  SortVariant:25 - Change position
2021-07-07 23:03:09 INFO  SortVariant:25 - Change position
2021-07-07 23:03:09 INFO  SortVariant:25 - Change position
2021-07-07 23:03:09 INFO  SortVariant:25 - Change position
2021-07-07 23:03:09 INFO  SortVariant:25 - Change position
2021-07-07 23:03:09 INFO  SortVariant:25 - Change position
2021-07-07 23:03:09 INFO  SortVariant:25 - Change position
2021-07-07 23:03:09 INFO  SortVariant:25 - Change position
2021-07-07 23:03:09 INFO  SortVariant:25 - Change position
2021-07-07 23:03:09 INFO  SortVariant:25 - Change position
2021-07-07 23:03:09 INFO  SortVariant:25 - Change position
2021-07-07 23:03:09 INFO  SortVariant:25 - Change position
2021-07-07 23:03:09 INFO  SortVariant:25 - Change position
2021-07-07 23:03:09 INFO  SortVariant:25 - Change position
2021-07-07 23:03:09 INFO  SortVariant:25 - Change position
2021-07-07 23:03:09 INFO  SortVariant:25 - Change position
2021-07-07 23:03:09 INFO  SortVariant:25 - Change position
2021-07-07 23:03:09 INFO  SortVariant:25 - Change position
2021-07-07 23:03:09 INFO  SortVariant:25 - Change position
2021-07-07 23:03:09 INFO  SortVariant:25 - Change position
2021-07-07 23:03:09 INFO  SortVariant:25 - Change position
2021-07-07 23:03:09 INFO  SortVariant:25 - Change position
2021-07-07 23:03:09 INFO  SortVariant:25 - Change position
2021-07-07 23:03:09 INFO  SortVariant:25 - Change position
2021-07-07 23:03:09 INFO  SortVariant:25 - Change position
2021-07-07 23:03:09 INFO  SortVariant:25 - Change position
2021-07-07 23:03:09 INFO  SortVariant:25 - Change position
2021-07-07 23:03:09 INFO  SortVariant:25 - Change position
2021-07-07 23:03:09 INFO  SortVariant:25 - Change position
2021-07-07 23:03:09 INFO  SortVariant:25 - Change position
2021-07-07 23:03:09 INFO  SortVariant:25 - Change position
2021-07-07 23:03:09 INFO  SortVariant:25 - Change position
2021-07-07 23:03:09 INFO  SortVariant:25 - Change position
2021-07-07 23:03:09 INFO  SortVariant:25 - Change position
2021-07-07 23:03:09 INFO  SortVariant:25 - Change position
2021-07-07 23:03:09 INFO  SortVariant:25 - Change position
2021-07-07 23:03:09 INFO  SortVariant:25 - Change position
2021-07-07 23:03:09 INFO  SortVariant:25 - Change position
2021-07-07 23:03:09 INFO  SortVariant:25 - Change position
2021-07-07 23:03:09 INFO  SortVariant:25 - Change position
2021-07-07 23:03:09 INFO  SortVariant:25 - Change position
2021-07-07 23:03:09 INFO  SortVariant:25 - Change position
2021-07-07 23:03:09 INFO  SortVariant:25 - Change position
2021-07-07 23:03:09 INFO  SortVariant:25 - Change position
2021-07-07 23:03:09 INFO  SortVariant:25 - Change position
2021-07-07 23:03:09 INFO  SortVariant:25 - Change position
2021-07-07 23:03:09 INFO  SortVariant:25 - Change position
2021-07-07 23:03:09 INFO  SortVariant:25 - Change position
2021-07-07 23:03:09 INFO  SortVariant:25 - Change position
2021-07-07 23:03:09 INFO  SortVariant:25 - Change position
2021-07-07 23:03:09 INFO  SortVariant:25 - Change position
2021-07-07 23:03:09 INFO  SortVariant:25 - Change position
2021-07-07 23:03:09 INFO  SortVariant:25 - Change position
2021-07-07 23:03:09 INFO  SortVariant:25 - Change position
2021-07-07 23:03:09 INFO  SortVariant:25 - Change position
2021-07-07 23:03:09 INFO  SortVariant:25 - Change position
2021-07-07 23:03:09 ERROR SortVariant:28 - Cant go next
2021-07-07 23:03:09 ERROR SortVariant:28 - Cant go next
2021-07-07 23:03:09 INFO  SortVariant:44 - Move to last
2021-07-07 23:03:09 ERROR SortVariant:28 - Cant go next
2021-07-07 23:03:09 INFO  SortVariant:35 - Change position
2021-07-07 23:03:09 INFO  SortVariant:35 - Change position
2021-07-07 23:03:09 INFO  SortVariant:35 - Change position
2021-07-07 23:03:09 INFO  SortVariant:35 - Change position
2021-07-07 23:03:09 INFO  SortVariant:35 - Change position
2021-07-07 23:03:09 INFO  SortVariant:35 - Change position
2021-07-07 23:03:09 INFO  SortVariant:35 - Change position
2021-07-07 23:03:09 INFO  SortVariant:35 - Change position
2021-07-07 23:03:09 INFO  SortVariant:35 - Change position
2021-07-07 23:03:09 INFO  SortVariant:35 - Change position
2021-07-07 23:03:09 INFO  SortVariant:35 - Change position
2021-07-07 23:03:09 INFO  SortVariant:35 - Change position
2021-07-07 23:03:09 INFO  SortVariant:35 - Change position
2021-07-07 23:03:09 INFO  SortVariant:35 - Change position
2021-07-07 23:03:09 INFO  SortVariant:35 - Change position
2021-07-07 23:03:09 INFO  SortVariant:35 - Change position
2021-07-07 23:03:09 INFO  SortVariant:35 - Change position
2021-07-07 23:03:09 INFO  SortVariant:35 - Change position
2021-07-07 23:03:09 INFO  SortVariant:35 - Change position
2021-07-07 23:03:09 INFO  SortVariant:35 - Change position
2021-07-07 23:03:09 INFO  SortVariant:35 - Change position
2021-07-07 23:03:09 INFO  SortVariant:35 - Change position
2021-07-07 23:03:09 INFO  SortVariant:35 - Change position
2021-07-07 23:03:09 INFO  SortVariant:35 - Change position
2021-07-07 23:03:09 INFO  SortVariant:35 - Change position
2021-07-07 23:03:09 INFO  SortVariant:35 - Change position
2021-07-07 23:03:09 INFO  SortVariant:35 - Change position
2021-07-07 23:03:09 INFO  SortVariant:35 - Change position
2021-07-07 23:03:09 INFO  SortVariant:35 - Change position
2021-07-07 23:03:09 INFO  SortVariant:35 - Change position
2021-07-07 23:03:09 INFO  SortVariant:35 - Change position
2021-07-07 23:03:09 INFO  SortVariant:35 - Change position
2021-07-07 23:03:09 INFO  SortVariant:35 - Change position
2021-07-07 23:03:09 INFO  SortVariant:35 - Change position
2021-07-07 23:03:09 INFO  SortVariant:35 - Change position
2021-07-07 23:03:09 INFO  SortVariant:35 - Change position
2021-07-07 23:03:09 INFO  SortVariant:35 - Change position
2021-07-07 23:03:09 INFO  SortVariant:35 - Change position
2021-07-07 23:03:09 INFO  SortVariant:35 - Change position
2021-07-07 23:03:09 INFO  SortVariant:35 - Change position
2021-07-07 23:03:09 INFO  SortVariant:35 - Change position
2021-07-07 23:03:09 INFO  SortVariant:35 - Change position
2021-07-07 23:03:09 INFO  SortVariant:35 - Change position
2021-07-07 23:03:09 INFO  SortVariant:35 - Change position
2021-07-07 23:03:09 INFO  SortVariant:35 - Change position
2021-07-07 23:03:09 INFO  SortVariant:35 - Change position
2021-07-07 23:03:09 INFO  SortVariant:35 - Change position
2021-07-07 23:03:09 INFO  SortVariant:35 - Change position
2021-07-07 23:03:09 INFO  SortVariant:35 - Change position
2021-07-07 23:03:09 INFO  SortVariant:35 - Change position
2021-07-07 23:03:09 INFO  SortVariant:35 - Change position
2021-07-07 23:03:09 INFO  SortVariant:35 - Change position
2021-07-07 23:03:09 INFO  SortVariant:35 - Change position
2021-07-07 23:03:09 INFO  SortVariant:35 - Change position
2021-07-07 23:03:09 INFO  SortVariant:35 - Change position
2021-07-07 23:03:09 INFO  SortVariant:35 - Change position
2021-07-07 23:03:09 INFO  SortVariant:35 - Change position
2021-07-07 23:03:09 INFO  SortVariant:35 - Change position
2021-07-07 23:03:09 INFO  SortVariant:35 - Change position
2021-07-07 23:03:09 INFO  SortVariant:35 - Change position
2021-07-07 23:03:09 INFO  SortVariant:35 - Change position
2021-07-07 23:03:09 INFO  SortVariant:35 - Change position
2021-07-07 23:03:09 INFO  SortVariant:35 - Change position
2021-07-07 23:03:09 INFO  SortVariant:35 - Change position
2021-07-07 23:03:09 INFO  SortVariant:35 - Change position
2021-07-07 23:03:09 INFO  SortVariant:35 - Change position
2021-07-07 23:03:09 INFO  SortVariant:35 - Change position
2021-07-07 23:03:09 INFO  SortVariant:35 - Change position
2021-07-07 23:03:09 INFO  SortVariant:35 - Change position
2021-07-07 23:03:09 INFO  SortVariant:35 - Change position
2021-07-07 23:03:09 ERROR SortVariant:38 - Cant go prev
2021-07-07 23:03:09 ERROR SortVariant:38 - Cant go prev
2021-07-07 23:03:09 INFO  SortVariant:49 - Move to first
2021-07-07 23:03:09 ERROR SortVariant:38 - Cant go prev
2021-07-07 23:05:48 INFO  BubbleSort:36 - Bubble steps
2021-07-07 23:05:48 INFO  SortVariant:25 - Change position
2021-07-07 23:06:16 INFO  BubbleSort:36 - Bubble steps
2021-07-07 23:06:16 INFO  SortVariant:25 - Change position
2021-07-07 23:06:16 INFO  SortVariant:25 - Change position
2021-07-07 23:06:16 INFO  SortVariant:25 - Change position
2021-07-07 23:06:16 INFO  SortVariant:25 - Change position
2021-07-07 23:06:16 INFO  SortVariant:25 - Change position
2021-07-07 23:06:16 INFO  SortVariant:25 - Change position
2021-07-07 23:06:16 INFO  SortVariant:25 - Change position
2021-07-07 23:06:16 INFO  SortVariant:25 - Change position
2021-07-07 23:06:16 INFO  SortVariant:25 - Change position
2021-07-07 23:06:16 INFO  SortVariant:25 - Change position
2021-07-07 23:06:16 INFO  SortVariant:25 - Change position
2021-07-07 23:06:16 INFO  SortVariant:25 - Change position
2021-07-07 23:06:16 INFO  SortVariant:25 - Change position
2021-07-07 23:06:16 INFO  SortVariant:25 - Change position
2021-07-07 23:06:16 INFO  SortVariant:25 - Change position
2021-07-07 23:06:16 INFO  SortVariant:25 - Change position
2021-07-07 23:06:16 INFO  SortVariant:25 - Change position
2021-07-07 23:06:16 INFO  SortVariant:25 - Change position
2021-07-07 23:06:16 INFO  SortVariant:25 - Change position
2021-07-07 23:06:16 INFO  SortVariant:25 - Change position
2021-07-07 23:06:16 INFO  SortVariant:25 - Change position
2021-07-07 23:06:16 INFO  SortVariant:25 - Change position
2021-07-07 23:06:16 INFO  SortVariant:25 - Change position
2021-07-07 23:06:16 INFO  SortVariant:25 - Change position
2021-07-07 23:06:16 INFO  SortVariant:25 - Change position
2021-07-07 23:06:16 INFO  SortVariant:25 - Change position
2021-07-07 23:06:16 INFO  SortVariant:25 - Change position
2021-07-07 23:06:16 INFO  SortVariant:25 - Change position
2021-07-07 23:06:16 INFO  SortVariant:25 - Change position
2021-07-07 23:06:16 INFO  SortVariant:25 - Change position
2021-07-07 23:06:16 INFO  SortVariant:25 - Change position
2021-07-07 23:06:16 INFO  SortVariant:25 - Change position
2021-07-07 23:06:16 INFO  SortVariant:25 - Change position
2021-07-07 23:06:16 INFO  SortVariant:25 - Change position
2021-07-07 23:06:16 INFO  SortVariant:25 - Change position
2021-07-07 23:06:16 INFO  SortVariant:25 - Change position
2021-07-07 23:06:16 INFO  SortVariant:25 - Change position
2021-07-07 23:06:16 INFO  SortVariant:25 - Change position
2021-07-07 23:06:16 INFO  SortVariant:25 - Change position
2021-07-07 23:06:16 INFO  SortVariant:25 - Change position
2021-07-07 23:06:16 INFO  SortVariant:25 - Change position
2021-07-07 23:06:16 INFO  SortVariant:25 - Change position
2021-07-07 23:06:16 INFO  SortVariant:25 - Change position
2021-07-07 23:06:16 INFO  SortVariant:25 - Change position
2021-07-07 23:06:16 INFO  SortVariant:25 - Change position
2021-07-07 23:06:16 INFO  SortVariant:25 - Change position
2021-07-07 23:06:16 INFO  SortVariant:25 - Change position
2021-07-07 23:06:16 INFO  SortVariant:25 - Change position
2021-07-07 23:06:16 INFO  SortVariant:25 - Change position
2021-07-07 23:06:16 INFO  SortVariant:25 - Change position
2021-07-07 23:06:16 INFO  SortVariant:25 - Change position
2021-07-07 23:06:16 INFO  SortVariant:25 - Change position
2021-07-07 23:06:16 INFO  SortVariant:25 - Change position
2021-07-07 23:06:16 INFO  SortVariant:25 - Change position
2021-07-07 23:06:16 INFO  SortVariant:25 - Change position
2021-07-07 23:06:16 INFO  SortVariant:25 - Change position
2021-07-07 23:06:16 INFO  SortVariant:25 - Change position
2021-07-07 23:06:16 INFO  SortVariant:25 - Change position
2021-07-07 23:06:16 INFO  SortVariant:25 - Change position
2021-07-07 23:06:16 INFO  SortVariant:25 - Change position
2021-07-07 23:06:16 INFO  SortVariant:25 - Change position
2021-07-07 23:06:16 INFO  SortVariant:25 - Change position
2021-07-07 23:06:16 INFO  SortVariant:25 - Change position
2021-07-07 23:06:16 INFO  SortVariant:25 - Change position
2021-07-07 23:06:16 INFO  SortVariant:25 - Change position
2021-07-07 23:06:16 INFO  SortVariant:25 - Change position
2021-07-07 23:06:16 INFO  SortVariant:25 - Change position
2021-07-07 23:06:16 INFO  SortVariant:25 - Change position
2021-07-07 23:06:16 INFO  SortVariant:25 - Change position
2021-07-07 23:06:16 INFO  SortVariant:25 - Change position
2021-07-07 23:06:16 ERROR SortVariant:28 - Cant go next
2021-07-07 23:06:16 ERROR SortVariant:28 - Cant go next
2021-07-07 23:06:16 INFO  SortVariant:44 - Move to last
2021-07-07 23:06:16 INFO  SortVariant:35 - Change position
2021-07-07 23:06:16 INFO  SortVariant:35 - Change position
2021-07-07 23:06:16 INFO  SortVariant:35 - Change position
2021-07-07 23:06:16 INFO  SortVariant:35 - Change position
2021-07-07 23:06:16 INFO  SortVariant:35 - Change position
2021-07-07 23:06:16 INFO  SortVariant:35 - Change position
2021-07-07 23:06:16 INFO  SortVariant:35 - Change position
2021-07-07 23:06:16 INFO  SortVariant:35 - Change position
2021-07-07 23:06:16 INFO  SortVariant:35 - Change position
2021-07-07 23:06:16 INFO  SortVariant:35 - Change position
2021-07-07 23:06:16 INFO  SortVariant:35 - Change position
2021-07-07 23:06:16 INFO  SortVariant:35 - Change position
2021-07-07 23:06:16 INFO  SortVariant:35 - Change position
2021-07-07 23:06:16 INFO  SortVariant:35 - Change position
2021-07-07 23:06:16 INFO  SortVariant:35 - Change position
2021-07-07 23:06:16 INFO  SortVariant:35 - Change position
2021-07-07 23:06:16 INFO  SortVariant:35 - Change position
2021-07-07 23:06:16 INFO  SortVariant:35 - Change position
2021-07-07 23:06:16 INFO  SortVariant:35 - Change position
2021-07-07 23:06:16 INFO  SortVariant:35 - Change position
2021-07-07 23:06:16 INFO  SortVariant:35 - Change position
2021-07-07 23:06:16 INFO  SortVariant:35 - Change position
2021-07-07 23:06:16 INFO  SortVariant:35 - Change position
2021-07-07 23:06:16 INFO  SortVariant:35 - Change position
2021-07-07 23:06:16 INFO  SortVariant:35 - Change position
2021-07-07 23:06:16 INFO  SortVariant:35 - Change position
2021-07-07 23:06:16 INFO  SortVariant:35 - Change position
2021-07-07 23:06:16 INFO  SortVariant:35 - Change position
2021-07-07 23:06:16 INFO  SortVariant:35 - Change position
2021-07-07 23:06:16 INFO  SortVariant:35 - Change position
2021-07-07 23:06:16 INFO  SortVariant:35 - Change position
2021-07-07 23:06:16 INFO  SortVariant:35 - Change position
2021-07-07 23:06:16 INFO  SortVariant:35 - Change position
2021-07-07 23:06:16 INFO  SortVariant:35 - Change position
2021-07-07 23:06:16 INFO  SortVariant:35 - Change position
2021-07-07 23:06:16 INFO  SortVariant:35 - Change position
2021-07-07 23:06:16 INFO  SortVariant:35 - Change position
2021-07-07 23:06:16 INFO  SortVariant:35 - Change position
2021-07-07 23:06:16 INFO  SortVariant:35 - Change position
2021-07-07 23:06:16 INFO  SortVariant:35 - Change position
2021-07-07 23:06:16 INFO  SortVariant:35 - Change position
2021-07-07 23:06:16 INFO  SortVariant:35 - Change position
2021-07-07 23:06:16 INFO  SortVariant:35 - Change position
2021-07-07 23:06:16 INFO  SortVariant:35 - Change position
2021-07-07 23:06:16 INFO  SortVariant:35 - Change position
2021-07-07 23:06:16 INFO  SortVariant:35 - Change position
2021-07-07 23:06:16 INFO  SortVariant:35 - Change position
2021-07-07 23:06:16 INFO  SortVariant:35 - Change position
2021-07-07 23:06:16 INFO  SortVariant:35 - Change position
2021-07-07 23:06:16 INFO  SortVariant:35 - Change position
2021-07-07 23:06:16 INFO  SortVariant:35 - Change position
2021-07-07 23:06:16 INFO  SortVariant:35 - Change position
2021-07-07 23:06:16 INFO  SortVariant:35 - Change position
2021-07-07 23:06:16 INFO  SortVariant:35 - Change position
2021-07-07 23:06:16 INFO  SortVariant:35 - Change position
2021-07-07 23:06:16 INFO  SortVariant:35 - Change position
2021-07-07 23:06:16 INFO  SortVariant:35 - Change position
2021-07-07 23:06:16 INFO  SortVariant:35 - Change position
2021-07-07 23:06:16 INFO  SortVariant:35 - Change position
2021-07-07 23:06:16 INFO  SortVariant:35 - Change position
2021-07-07 23:06:16 INFO  SortVariant:35 - Change position
2021-07-07 23:06:16 INFO  SortVariant:35 - Change position
2021-07-07 23:06:16 INFO  SortVariant:35 - Change position
2021-07-07 23:06:16 INFO  SortVariant:35 - Change position
2021-07-07 23:06:16 INFO  SortVariant:35 - Change position
2021-07-07 23:06:16 INFO  SortVariant:35 - Change position
2021-07-07 23:06:16 INFO  SortVariant:35 - Change position
2021-07-07 23:06:16 INFO  SortVariant:35 - Change position
2021-07-07 23:06:16 INFO  SortVariant:35 - Change position
2021-07-07 23:06:16 INFO  SortVariant:35 - Change position
2021-07-07 23:06:16 ERROR SortVariant:38 - Cant go prev
2021-07-07 23:06:16 ERROR SortVariant:38 - Cant go prev
2021-07-07 23:06:16 INFO  SortVariant:49 - Move to first
2021-07-07 23:07:24 INFO  BubbleSort:36 - Bubble steps
2021-07-07 23:07:24 INFO  SortVariant:25 - Change position
2021-07-07 23:07:24 INFO  SortVariant:25 - Change position
2021-07-07 23:07:24 INFO  SortVariant:25 - Change position
2021-07-07 23:07:24 INFO  SortVariant:25 - Change position
2021-07-07 23:07:24 INFO  SortVariant:25 - Change position
2021-07-07 23:07:24 INFO  SortVariant:25 - Change position
2021-07-07 23:07:24 INFO  SortVariant:25 - Change position
2021-07-07 23:07:24 INFO  SortVariant:25 - Change position
2021-07-07 23:07:24 INFO  SortVariant:25 - Change position
2021-07-07 23:07:24 INFO  SortVariant:25 - Change position
2021-07-07 23:07:24 INFO  SortVariant:25 - Change position
2021-07-07 23:07:24 INFO  SortVariant:25 - Change position
2021-07-07 23:07:24 INFO  SortVariant:25 - Change position
2021-07-07 23:07:24 INFO  SortVariant:25 - Change position
2021-07-07 23:07:24 INFO  SortVariant:25 - Change position
2021-07-07 23:07:24 INFO  SortVariant:25 - Change position
2021-07-07 23:07:24 INFO  SortVariant:25 - Change position
2021-07-07 23:07:24 INFO  SortVariant:25 - Change position
2021-07-07 23:07:24 INFO  SortVariant:25 - Change position
2021-07-07 23:07:24 INFO  SortVariant:25 - Change position
2021-07-07 23:07:24 INFO  SortVariant:25 - Change position
2021-07-07 23:07:24 INFO  SortVariant:25 - Change position
2021-07-07 23:07:24 INFO  SortVariant:25 - Change position
2021-07-07 23:07:24 INFO  SortVariant:25 - Change position
2021-07-07 23:07:24 INFO  SortVariant:25 - Change position
2021-07-07 23:07:24 INFO  SortVariant:25 - Change position
2021-07-07 23:07:24 INFO  SortVariant:25 - Change position
2021-07-07 23:07:24 INFO  SortVariant:25 - Change position
2021-07-07 23:07:24 INFO  SortVariant:25 - Change position
2021-07-07 23:07:24 INFO  SortVariant:25 - Change position
2021-07-07 23:07:24 INFO  SortVariant:25 - Change position
2021-07-07 23:07:24 INFO  SortVariant:25 - Change position
2021-07-07 23:07:24 INFO  SortVariant:25 - Change position
2021-07-07 23:07:24 INFO  SortVariant:25 - Change position
2021-07-07 23:07:24 INFO  SortVariant:25 - Change position
2021-07-07 23:07:24 INFO  SortVariant:25 - Change position
2021-07-07 23:07:24 INFO  SortVariant:25 - Change position
2021-07-07 23:07:24 INFO  SortVariant:25 - Change position
2021-07-07 23:07:24 INFO  SortVariant:25 - Change position
2021-07-07 23:07:24 INFO  SortVariant:25 - Change position
2021-07-07 23:07:24 INFO  SortVariant:25 - Change position
2021-07-07 23:07:24 INFO  SortVariant:25 - Change position
2021-07-07 23:07:24 INFO  SortVariant:25 - Change position
2021-07-07 23:07:24 INFO  SortVariant:25 - Change position
2021-07-07 23:07:24 INFO  SortVariant:25 - Change position
2021-07-07 23:07:24 INFO  SortVariant:25 - Change position
2021-07-07 23:07:24 INFO  SortVariant:25 - Change position
2021-07-07 23:07:24 INFO  SortVariant:25 - Change position
2021-07-07 23:07:24 INFO  SortVariant:25 - Change position
2021-07-07 23:07:24 INFO  SortVariant:25 - Change position
2021-07-07 23:07:24 INFO  SortVariant:25 - Change position
2021-07-07 23:07:24 INFO  SortVariant:25 - Change position
2021-07-07 23:07:24 INFO  SortVariant:25 - Change position
2021-07-07 23:07:24 INFO  SortVariant:25 - Change position
2021-07-07 23:07:24 INFO  SortVariant:25 - Change position
2021-07-07 23:07:24 INFO  SortVariant:25 - Change position
2021-07-07 23:07:24 INFO  SortVariant:25 - Change position
2021-07-07 23:07:24 INFO  SortVariant:25 - Change position
2021-07-07 23:07:24 INFO  SortVariant:25 - Change position
2021-07-07 23:07:24 INFO  SortVariant:25 - Change position
2021-07-07 23:07:24 INFO  SortVariant:25 - Change position
2021-07-07 23:07:24 INFO  SortVariant:25 - Change position
2021-07-07 23:07:24 INFO  SortVariant:25 - Change position
2021-07-07 23:07:24 INFO  SortVariant:25 - Change position
2021-07-07 23:07:24 INFO  SortVariant:25 - Change position
2021-07-07 23:07:24 INFO  SortVariant:25 - Change position
2021-07-07 23:07:24 INFO  SortVariant:25 - Change position
2021-07-07 23:07:24 INFO  SortVariant:25 - Change position
2021-07-07 23:07:24 INFO  SortVariant:25 - Change position
2021-07-07 23:07:24 INFO  SortVariant:25 - Change position
2021-07-07 23:07:24 ERROR SortVariant:28 - Cant go next
2021-07-07 23:07:24 ERROR SortVariant:28 - Cant go next
2021-07-07 23:07:24 INFO  SortVariant:44 - Move to last
2021-07-07 23:07:24 INFO  SortVariant:35 - Change position
2021-07-07 23:07:24 INFO  SortVariant:35 - Change position
2021-07-07 23:07:24 INFO  SortVariant:35 - Change position
2021-07-07 23:07:24 INFO  SortVariant:35 - Change position
2021-07-07 23:07:24 INFO  SortVariant:35 - Change position
2021-07-07 23:07:24 INFO  SortVariant:35 - Change position
2021-07-07 23:07:24 INFO  SortVariant:35 - Change position
2021-07-07 23:07:24 INFO  SortVariant:35 - Change position
2021-07-07 23:07:24 INFO  SortVariant:35 - Change position
2021-07-07 23:07:24 INFO  SortVariant:35 - Change position
2021-07-07 23:07:24 INFO  SortVariant:35 - Change position
2021-07-07 23:07:24 INFO  SortVariant:35 - Change position
2021-07-07 23:07:24 INFO  SortVariant:35 - Change position
2021-07-07 23:07:24 INFO  SortVariant:35 - Change position
2021-07-07 23:07:24 INFO  SortVariant:35 - Change position
2021-07-07 23:07:24 INFO  SortVariant:35 - Change position
2021-07-07 23:07:24 INFO  SortVariant:35 - Change position
2021-07-07 23:07:24 INFO  SortVariant:35 - Change position
2021-07-07 23:07:24 INFO  SortVariant:35 - Change position
2021-07-07 23:07:24 INFO  SortVariant:35 - Change position
2021-07-07 23:07:24 INFO  SortVariant:35 - Change position
2021-07-07 23:07:24 INFO  SortVariant:35 - Change position
2021-07-07 23:07:24 INFO  SortVariant:35 - Change position
2021-07-07 23:07:24 INFO  SortVariant:35 - Change position
2021-07-07 23:07:24 INFO  SortVariant:35 - Change position
2021-07-07 23:07:24 INFO  SortVariant:35 - Change position
2021-07-07 23:07:24 INFO  SortVariant:35 - Change position
2021-07-07 23:07:24 INFO  SortVariant:35 - Change position
2021-07-07 23:07:24 INFO  SortVariant:35 - Change position
2021-07-07 23:07:24 INFO  SortVariant:35 - Change position
2021-07-07 23:07:24 INFO  SortVariant:35 - Change position
2021-07-07 23:07:24 INFO  SortVariant:35 - Change position
2021-07-07 23:07:24 INFO  SortVariant:35 - Change position
2021-07-07 23:07:24 INFO  SortVariant:35 - Change position
2021-07-07 23:07:24 INFO  SortVariant:35 - Change position
2021-07-07 23:07:24 INFO  SortVariant:35 - Change position
2021-07-07 23:07:24 INFO  SortVariant:35 - Change position
2021-07-07 23:07:24 INFO  SortVariant:35 - Change position
2021-07-07 23:07:24 INFO  SortVariant:35 - Change position
2021-07-07 23:07:24 INFO  SortVariant:35 - Change position
2021-07-07 23:07:24 INFO  SortVariant:35 - Change position
2021-07-07 23:07:24 INFO  SortVariant:35 - Change position
2021-07-07 23:07:24 INFO  SortVariant:35 - Change position
2021-07-07 23:07:24 INFO  SortVariant:35 - Change position
2021-07-07 23:07:24 INFO  SortVariant:35 - Change position
2021-07-07 23:07:24 INFO  SortVariant:35 - Change position
2021-07-07 23:07:24 INFO  SortVariant:35 - Change position
2021-07-07 23:07:24 INFO  SortVariant:35 - Change position
2021-07-07 23:07:24 INFO  SortVariant:35 - Change position
2021-07-07 23:07:24 INFO  SortVariant:35 - Change position
2021-07-07 23:07:24 INFO  SortVariant:35 - Change position
2021-07-07 23:07:24 INFO  SortVariant:35 - Change position
2021-07-07 23:07:24 INFO  SortVariant:35 - Change position
2021-07-07 23:07:24 INFO  SortVariant:35 - Change position
2021-07-07 23:07:24 INFO  SortVariant:35 - Change position
2021-07-07 23:07:24 INFO  SortVariant:35 - Change position
2021-07-07 23:07:24 INFO  SortVariant:35 - Change position
2021-07-07 23:07:24 INFO  SortVariant:35 - Change position
2021-07-07 23:07:24 INFO  SortVariant:35 - Change position
2021-07-07 23:07:24 INFO  SortVariant:35 - Change position
2021-07-07 23:07:24 INFO  SortVariant:35 - Change position
2021-07-07 23:07:24 INFO  SortVariant:35 - Change position
2021-07-07 23:07:24 INFO  SortVariant:35 - Change position
2021-07-07 23:07:24 INFO  SortVariant:35 - Change position
2021-07-07 23:07:24 INFO  SortVariant:35 - Change position
2021-07-07 23:07:24 INFO  SortVariant:35 - Change position
2021-07-07 23:07:24 INFO  SortVariant:35 - Change position
2021-07-07 23:07:24 INFO  SortVariant:35 - Change position
2021-07-07 23:07:24 INFO  SortVariant:35 - Change position
2021-07-07 23:07:24 INFO  SortVariant:35 - Change position
2021-07-07 23:07:24 ERROR SortVariant:38 - Cant go prev
2021-07-07 23:07:24 ERROR SortVariant:38 - Cant go prev
2021-07-07 23:07:24 INFO  SortVariant:49 - Move to first
2021-07-07 23:07:39 INFO  HeapSort:17 - Heap steps
2021-07-07 23:07:39 INFO  CocktailSort:17 - Cocktail steps
2021-07-07 23:07:39 INFO  HeapSort:17 - Heap steps
2021-07-07 23:07:39 INFO  BubbleSort:36 - Bubble steps
2021-07-07 23:07:39 INFO  SortVariant:25 - Change position
2021-07-07 23:07:39 INFO  SortVariant:25 - Change position
2021-07-07 23:07:39 INFO  SortVariant:25 - Change position
2021-07-07 23:07:39 INFO  SortVariant:25 - Change position
2021-07-07 23:07:39 INFO  SortVariant:25 - Change position
2021-07-07 23:07:39 INFO  SortVariant:25 - Change position
2021-07-07 23:07:39 INFO  SortVariant:25 - Change position
2021-07-07 23:07:39 INFO  SortVariant:25 - Change position
2021-07-07 23:07:39 INFO  SortVariant:25 - Change position
2021-07-07 23:07:39 INFO  SortVariant:25 - Change position
2021-07-07 23:07:39 INFO  SortVariant:25 - Change position
2021-07-07 23:07:39 INFO  SortVariant:25 - Change position
2021-07-07 23:07:39 INFO  SortVariant:25 - Change position
2021-07-07 23:07:39 INFO  SortVariant:25 - Change position
2021-07-07 23:07:39 INFO  SortVariant:25 - Change position
2021-07-07 23:07:39 INFO  SortVariant:25 - Change position
2021-07-07 23:07:39 INFO  SortVariant:25 - Change position
2021-07-07 23:07:39 INFO  SortVariant:25 - Change position
2021-07-07 23:07:39 INFO  SortVariant:25 - Change position
2021-07-07 23:07:39 INFO  SortVariant:25 - Change position
2021-07-07 23:07:39 INFO  SortVariant:25 - Change position
2021-07-07 23:07:39 INFO  SortVariant:25 - Change position
2021-07-07 23:07:39 INFO  SortVariant:25 - Change position
2021-07-07 23:07:39 INFO  SortVariant:25 - Change position
2021-07-07 23:07:39 INFO  SortVariant:25 - Change position
2021-07-07 23:07:39 INFO  SortVariant:25 - Change position
2021-07-07 23:07:39 INFO  SortVariant:25 - Change position
2021-07-07 23:07:39 INFO  SortVariant:25 - Change position
2021-07-07 23:07:39 INFO  SortVariant:25 - Change position
2021-07-07 23:07:39 INFO  SortVariant:25 - Change position
2021-07-07 23:07:39 INFO  SortVariant:25 - Change position
2021-07-07 23:07:39 INFO  SortVariant:25 - Change position
2021-07-07 23:07:39 INFO  SortVariant:25 - Change position
2021-07-07 23:07:39 INFO  SortVariant:25 - Change position
2021-07-07 23:07:39 INFO  SortVariant:25 - Change position
2021-07-07 23:07:39 INFO  SortVariant:25 - Change position
2021-07-07 23:07:39 INFO  SortVariant:25 - Change position
2021-07-07 23:07:39 INFO  SortVariant:25 - Change position
2021-07-07 23:07:39 INFO  SortVariant:25 - Change position
2021-07-07 23:07:39 INFO  SortVariant:25 - Change position
2021-07-07 23:07:39 INFO  SortVariant:25 - Change position
2021-07-07 23:07:39 INFO  SortVariant:25 - Change position
2021-07-07 23:07:39 INFO  SortVariant:25 - Change position
2021-07-07 23:07:39 INFO  SortVariant:25 - Change position
2021-07-07 23:07:39 INFO  SortVariant:25 - Change position
2021-07-07 23:07:39 INFO  SortVariant:25 - Change position
2021-07-07 23:07:39 INFO  SortVariant:25 - Change position
2021-07-07 23:07:39 INFO  SortVariant:25 - Change position
2021-07-07 23:07:39 INFO  SortVariant:25 - Change position
2021-07-07 23:07:39 INFO  SortVariant:25 - Change position
2021-07-07 23:07:39 INFO  SortVariant:25 - Change position
2021-07-07 23:07:39 INFO  SortVariant:25 - Change position
2021-07-07 23:07:39 INFO  SortVariant:25 - Change position
2021-07-07 23:07:39 INFO  SortVariant:25 - Change position
2021-07-07 23:07:39 INFO  SortVariant:25 - Change position
2021-07-07 23:07:39 INFO  SortVariant:25 - Change position
2021-07-07 23:07:39 INFO  SortVariant:25 - Change position
2021-07-07 23:07:39 INFO  SortVariant:25 - Change position
2021-07-07 23:07:39 INFO  SortVariant:25 - Change position
2021-07-07 23:07:39 INFO  SortVariant:25 - Change position
2021-07-07 23:07:39 INFO  SortVariant:25 - Change position
2021-07-07 23:07:39 INFO  SortVariant:25 - Change position
2021-07-07 23:07:39 INFO  SortVariant:25 - Change position
2021-07-07 23:07:39 INFO  SortVariant:25 - Change position
2021-07-07 23:07:39 INFO  SortVariant:25 - Change position
2021-07-07 23:07:39 INFO  SortVariant:25 - Change position
2021-07-07 23:07:39 INFO  SortVariant:25 - Change position
2021-07-07 23:07:39 INFO  SortVariant:25 - Change position
2021-07-07 23:07:39 INFO  SortVariant:25 - Change position
2021-07-07 23:07:39 INFO  SortVariant:25 - Change position
2021-07-07 23:07:39 ERROR SortVariant:28 - Cant go next
2021-07-07 23:07:39 ERROR SortVariant:28 - Cant go next
2021-07-07 23:07:39 INFO  SortVariant:44 - Move to last
2021-07-07 23:07:39 INFO  SortVariant:35 - Change position
2021-07-07 23:07:39 INFO  SortVariant:35 - Change position
2021-07-07 23:07:39 INFO  SortVariant:35 - Change position
2021-07-07 23:07:39 INFO  SortVariant:35 - Change position
2021-07-07 23:07:39 INFO  SortVariant:35 - Change position
2021-07-07 23:07:39 INFO  SortVariant:35 - Change position
2021-07-07 23:07:39 INFO  SortVariant:35 - Change position
2021-07-07 23:07:39 INFO  SortVariant:35 - Change position
2021-07-07 23:07:39 INFO  SortVariant:35 - Change position
2021-07-07 23:07:39 INFO  SortVariant:35 - Change position
2021-07-07 23:07:39 INFO  SortVariant:35 - Change position
2021-07-07 23:07:39 INFO  SortVariant:35 - Change position
2021-07-07 23:07:39 INFO  SortVariant:35 - Change position
2021-07-07 23:07:39 INFO  SortVariant:35 - Change position
2021-07-07 23:07:39 INFO  SortVariant:35 - Change position
2021-07-07 23:07:39 INFO  SortVariant:35 - Change position
2021-07-07 23:07:39 INFO  SortVariant:35 - Change position
2021-07-07 23:07:39 INFO  SortVariant:35 - Change position
2021-07-07 23:07:39 INFO  SortVariant:35 - Change position
2021-07-07 23:07:39 INFO  SortVariant:35 - Change position
2021-07-07 23:07:39 INFO  SortVariant:35 - Change position
2021-07-07 23:07:39 INFO  SortVariant:35 - Change position
2021-07-07 23:07:39 INFO  SortVariant:35 - Change position
2021-07-07 23:07:39 INFO  SortVariant:35 - Change position
2021-07-07 23:07:39 INFO  SortVariant:35 - Change position
2021-07-07 23:07:39 INFO  SortVariant:35 - Change position
2021-07-07 23:07:39 INFO  SortVariant:35 - Change position
2021-07-07 23:07:39 INFO  SortVariant:35 - Change position
2021-07-07 23:07:39 INFO  SortVariant:35 - Change position
2021-07-07 23:07:39 INFO  SortVariant:35 - Change position
2021-07-07 23:07:39 INFO  SortVariant:35 - Change position
2021-07-07 23:07:39 INFO  SortVariant:35 - Change position
2021-07-07 23:07:39 INFO  SortVariant:35 - Change position
2021-07-07 23:07:39 INFO  SortVariant:35 - Change position
2021-07-07 23:07:39 INFO  SortVariant:35 - Change position
2021-07-07 23:07:39 INFO  SortVariant:35 - Change position
2021-07-07 23:07:39 INFO  SortVariant:35 - Change position
2021-07-07 23:07:39 INFO  SortVariant:35 - Change position
2021-07-07 23:07:39 INFO  SortVariant:35 - Change position
2021-07-07 23:07:39 INFO  SortVariant:35 - Change position
2021-07-07 23:07:39 INFO  SortVariant:35 - Change position
2021-07-07 23:07:39 INFO  SortVariant:35 - Change position
2021-07-07 23:07:39 INFO  SortVariant:35 - Change position
2021-07-07 23:07:39 INFO  SortVariant:35 - Change position
2021-07-07 23:07:39 INFO  SortVariant:35 - Change position
2021-07-07 23:07:39 INFO  SortVariant:35 - Change position
2021-07-07 23:07:39 INFO  SortVariant:35 - Change position
2021-07-07 23:07:39 INFO  SortVariant:35 - Change position
2021-07-07 23:07:39 INFO  SortVariant:35 - Change position
2021-07-07 23:07:39 INFO  SortVariant:35 - Change position
2021-07-07 23:07:39 INFO  SortVariant:35 - Change position
2021-07-07 23:07:39 INFO  SortVariant:35 - Change position
2021-07-07 23:07:39 INFO  SortVariant:35 - Change position
2021-07-07 23:07:39 INFO  SortVariant:35 - Change position
2021-07-07 23:07:39 INFO  SortVariant:35 - Change position
2021-07-07 23:07:39 INFO  SortVariant:35 - Change position
2021-07-07 23:07:39 INFO  SortVariant:35 - Change position
2021-07-07 23:07:39 INFO  SortVariant:35 - Change position
2021-07-07 23:07:39 INFO  SortVariant:35 - Change position
2021-07-07 23:07:39 INFO  SortVariant:35 - Change position
2021-07-07 23:07:39 INFO  SortVariant:35 - Change position
2021-07-07 23:07:39 INFO  SortVariant:35 - Change position
2021-07-07 23:07:39 INFO  SortVariant:35 - Change position
2021-07-07 23:07:39 INFO  SortVariant:35 - Change position
2021-07-07 23:07:39 INFO  SortVariant:35 - Change position
2021-07-07 23:07:39 INFO  SortVariant:35 - Change position
2021-07-07 23:07:39 INFO  SortVariant:35 - Change position
2021-07-07 23:07:39 INFO  SortVariant:35 - Change position
2021-07-07 23:07:39 INFO  SortVariant:35 - Change position
2021-07-07 23:07:39 INFO  SortVariant:35 - Change position
2021-07-07 23:07:39 ERROR SortVariant:38 - Cant go prev
2021-07-07 23:07:39 ERROR SortVariant:38 - Cant go prev
2021-07-07 23:07:39 INFO  SortVariant:49 - Move to first
2021-07-07 23:07:39 INFO  BubbleSort:36 - Bubble steps
2021-07-07 23:07:39 INFO  CocktailSort:17 - Cocktail steps
2021-07-07 23:07:39 INFO  BubbleSort:36 - Bubble steps
2021-07-07 23:07:39 INFO  CocktailSort:17 - Cocktail steps
2021-07-07 23:07:39 INFO  HeapSort:17 - Heap steps
2021-07-07 23:07:39 INFO  BubbleSort:36 - Bubble steps
2021-07-07 23:10:42 INFO  HeapSort:17 - Heap steps
2021-07-07 23:10:42 INFO  CocktailSort:17 - Cocktail steps
2021-07-07 23:10:42 INFO  HeapSort:17 - Heap steps
2021-07-07 23:10:42 INFO  BubbleSort:36 - Bubble steps
2021-07-07 23:10:42 INFO  SortVariant:54 - Get current
2021-07-07 23:10:42 INFO  SortVariant:25 - Change position
2021-07-07 23:10:42 INFO  SortVariant:54 - Get current
2021-07-07 23:10:42 INFO  SortVariant:25 - Change position
2021-07-07 23:10:43 INFO  SortVariant:54 - Get current
2021-07-07 23:10:43 INFO  SortVariant:25 - Change position
2021-07-07 23:10:43 INFO  SortVariant:54 - Get current
2021-07-07 23:10:43 INFO  SortVariant:25 - Change position
2021-07-07 23:10:43 INFO  SortVariant:54 - Get current
2021-07-07 23:10:43 INFO  SortVariant:25 - Change position
2021-07-07 23:10:43 INFO  SortVariant:54 - Get current
2021-07-07 23:10:43 INFO  SortVariant:25 - Change position
2021-07-07 23:10:43 INFO  SortVariant:54 - Get current
2021-07-07 23:10:43 INFO  SortVariant:25 - Change position
2021-07-07 23:10:43 INFO  SortVariant:54 - Get current
2021-07-07 23:10:43 INFO  SortVariant:25 - Change position
2021-07-07 23:10:43 INFO  SortVariant:54 - Get current
2021-07-07 23:10:43 INFO  SortVariant:25 - Change position
2021-07-07 23:10:43 INFO  SortVariant:54 - Get current
2021-07-07 23:10:43 INFO  SortVariant:25 - Change position
2021-07-07 23:10:43 INFO  SortVariant:54 - Get current
2021-07-07 23:10:43 INFO  SortVariant:25 - Change position
2021-07-07 23:10:43 INFO  SortVariant:54 - Get current
2021-07-07 23:10:43 INFO  SortVariant:25 - Change position
2021-07-07 23:10:43 INFO  SortVariant:54 - Get current
2021-07-07 23:10:43 INFO  SortVariant:25 - Change position
2021-07-07 23:10:43 INFO  SortVariant:54 - Get current
2021-07-07 23:10:43 INFO  SortVariant:25 - Change position
2021-07-07 23:10:43 INFO  SortVariant:54 - Get current
2021-07-07 23:10:43 INFO  SortVariant:25 - Change position
2021-07-07 23:10:43 INFO  SortVariant:54 - Get current
2021-07-07 23:10:43 INFO  SortVariant:25 - Change position
2021-07-07 23:10:43 INFO  SortVariant:54 - Get current
2021-07-07 23:10:43 INFO  SortVariant:25 - Change position
2021-07-07 23:10:43 INFO  SortVariant:54 - Get current
2021-07-07 23:10:43 INFO  SortVariant:25 - Change position
2021-07-07 23:10:43 INFO  SortVariant:54 - Get current
2021-07-07 23:10:43 INFO  SortVariant:25 - Change position
2021-07-07 23:10:43 INFO  SortVariant:54 - Get current
2021-07-07 23:10:43 INFO  SortVariant:25 - Change position
2021-07-07 23:10:43 INFO  SortVariant:54 - Get current
2021-07-07 23:10:43 INFO  SortVariant:25 - Change position
2021-07-07 23:10:43 INFO  SortVariant:54 - Get current
2021-07-07 23:10:43 INFO  SortVariant:25 - Change position
2021-07-07 23:10:43 INFO  SortVariant:54 - Get current
2021-07-07 23:10:43 INFO  SortVariant:25 - Change position
2021-07-07 23:10:43 INFO  SortVariant:54 - Get current
2021-07-07 23:10:43 INFO  SortVariant:25 - Change position
2021-07-07 23:10:43 INFO  SortVariant:54 - Get current
2021-07-07 23:10:43 INFO  SortVariant:25 - Change position
2021-07-07 23:10:43 INFO  SortVariant:54 - Get current
2021-07-07 23:10:43 INFO  SortVariant:25 - Change position
2021-07-07 23:10:43 INFO  SortVariant:54 - Get current
2021-07-07 23:10:43 INFO  SortVariant:25 - Change position
2021-07-07 23:10:43 INFO  SortVariant:54 - Get current
2021-07-07 23:10:43 INFO  SortVariant:25 - Change position
2021-07-07 23:10:43 INFO  SortVariant:54 - Get current
2021-07-07 23:10:43 INFO  SortVariant:25 - Change position
2021-07-07 23:10:43 INFO  SortVariant:54 - Get current
2021-07-07 23:10:43 INFO  SortVariant:25 - Change position
2021-07-07 23:10:43 INFO  SortVariant:54 - Get current
2021-07-07 23:10:43 INFO  SortVariant:25 - Change position
2021-07-07 23:10:43 INFO  SortVariant:54 - Get current
2021-07-07 23:10:43 INFO  SortVariant:25 - Change position
2021-07-07 23:10:43 INFO  SortVariant:54 - Get current
2021-07-07 23:10:43 INFO  SortVariant:25 - Change position
2021-07-07 23:10:43 INFO  SortVariant:54 - Get current
2021-07-07 23:10:43 INFO  SortVariant:25 - Change position
2021-07-07 23:10:43 INFO  SortVariant:54 - Get current
2021-07-07 23:10:43 INFO  SortVariant:25 - Change position
2021-07-07 23:10:43 INFO  SortVariant:54 - Get current
2021-07-07 23:10:43 INFO  SortVariant:25 - Change position
2021-07-07 23:10:43 INFO  SortVariant:54 - Get current
2021-07-07 23:10:43 INFO  SortVariant:25 - Change position
2021-07-07 23:10:43 INFO  SortVariant:54 - Get current
2021-07-07 23:10:43 INFO  SortVariant:25 - Change position
2021-07-07 23:10:43 INFO  SortVariant:54 - Get current
2021-07-07 23:10:43 INFO  SortVariant:25 - Change position
2021-07-07 23:10:43 INFO  SortVariant:54 - Get current
2021-07-07 23:10:43 INFO  SortVariant:25 - Change position
2021-07-07 23:10:43 INFO  SortVariant:54 - Get current
2021-07-07 23:10:43 INFO  SortVariant:25 - Change position
2021-07-07 23:10:43 INFO  SortVariant:54 - Get current
2021-07-07 23:10:43 INFO  SortVariant:25 - Change position
2021-07-07 23:10:43 INFO  SortVariant:54 - Get current
2021-07-07 23:10:43 INFO  SortVariant:25 - Change position
2021-07-07 23:10:43 INFO  SortVariant:54 - Get current
2021-07-07 23:10:43 INFO  SortVariant:25 - Change position
2021-07-07 23:10:43 INFO  SortVariant:54 - Get current
2021-07-07 23:10:43 INFO  SortVariant:25 - Change position
2021-07-07 23:10:43 INFO  SortVariant:54 - Get current
2021-07-07 23:10:43 INFO  SortVariant:25 - Change position
2021-07-07 23:10:43 INFO  SortVariant:54 - Get current
2021-07-07 23:10:43 INFO  SortVariant:25 - Change position
2021-07-07 23:10:43 INFO  SortVariant:54 - Get current
2021-07-07 23:10:43 INFO  SortVariant:25 - Change position
2021-07-07 23:10:43 INFO  SortVariant:54 - Get current
2021-07-07 23:10:43 INFO  SortVariant:25 - Change position
2021-07-07 23:10:43 INFO  SortVariant:54 - Get current
2021-07-07 23:10:43 INFO  SortVariant:25 - Change position
2021-07-07 23:10:43 INFO  SortVariant:54 - Get current
2021-07-07 23:10:43 INFO  SortVariant:25 - Change position
2021-07-07 23:10:43 INFO  SortVariant:54 - Get current
2021-07-07 23:10:43 INFO  SortVariant:25 - Change position
2021-07-07 23:10:43 INFO  SortVariant:54 - Get current
2021-07-07 23:10:43 INFO  SortVariant:25 - Change position
2021-07-07 23:10:43 INFO  SortVariant:54 - Get current
2021-07-07 23:10:43 INFO  SortVariant:25 - Change position
2021-07-07 23:10:43 INFO  SortVariant:54 - Get current
2021-07-07 23:10:43 INFO  SortVariant:25 - Change position
2021-07-07 23:10:43 INFO  SortVariant:54 - Get current
2021-07-07 23:10:43 INFO  SortVariant:25 - Change position
2021-07-07 23:10:43 INFO  SortVariant:54 - Get current
2021-07-07 23:10:43 INFO  SortVariant:25 - Change position
2021-07-07 23:10:43 INFO  SortVariant:54 - Get current
2021-07-07 23:10:43 INFO  SortVariant:25 - Change position
2021-07-07 23:10:43 INFO  SortVariant:54 - Get current
2021-07-07 23:10:43 INFO  SortVariant:25 - Change position
2021-07-07 23:10:43 INFO  SortVariant:54 - Get current
2021-07-07 23:10:43 INFO  SortVariant:25 - Change position
2021-07-07 23:10:43 INFO  SortVariant:54 - Get current
2021-07-07 23:10:43 INFO  SortVariant:25 - Change position
2021-07-07 23:10:43 INFO  SortVariant:54 - Get current
2021-07-07 23:10:43 INFO  SortVariant:25 - Change position
2021-07-07 23:10:43 INFO  SortVariant:54 - Get current
2021-07-07 23:10:43 INFO  SortVariant:25 - Change position
2021-07-07 23:10:43 INFO  SortVariant:54 - Get current
2021-07-07 23:10:43 INFO  SortVariant:25 - Change position
2021-07-07 23:10:43 INFO  SortVariant:54 - Get current
2021-07-07 23:10:43 INFO  SortVariant:25 - Change position
2021-07-07 23:10:43 INFO  SortVariant:54 - Get current
2021-07-07 23:10:43 INFO  SortVariant:25 - Change position
2021-07-07 23:10:43 INFO  SortVariant:54 - Get current
2021-07-07 23:10:43 INFO  SortVariant:25 - Change position
2021-07-07 23:10:43 INFO  SortVariant:54 - Get current
2021-07-07 23:10:43 INFO  SortVariant:25 - Change position
2021-07-07 23:10:43 INFO  SortVariant:54 - Get current
2021-07-07 23:10:43 INFO  SortVariant:25 - Change position
2021-07-07 23:10:43 INFO  SortVariant:54 - Get current
2021-07-07 23:10:43 INFO  SortVariant:25 - Change position
2021-07-07 23:10:43 INFO  SortVariant:54 - Get current
2021-07-07 23:10:43 ERROR SortVariant:28 - Cant go next
2021-07-07 23:10:43 ERROR SortVariant:28 - Cant go next
2021-07-07 23:10:43 INFO  SortVariant:44 - Move to last
2021-07-07 23:10:43 INFO  SortVariant:54 - Get current
2021-07-07 23:10:43 INFO  SortVariant:35 - Change position
2021-07-07 23:10:43 INFO  SortVariant:54 - Get current
2021-07-07 23:10:43 INFO  SortVariant:35 - Change position
2021-07-07 23:10:43 INFO  SortVariant:54 - Get current
2021-07-07 23:10:43 INFO  SortVariant:35 - Change position
2021-07-07 23:10:43 INFO  SortVariant:54 - Get current
2021-07-07 23:10:43 INFO  SortVariant:35 - Change position
2021-07-07 23:10:43 INFO  SortVariant:54 - Get current
2021-07-07 23:10:43 INFO  SortVariant:35 - Change position
2021-07-07 23:10:43 INFO  SortVariant:54 - Get current
2021-07-07 23:10:43 INFO  SortVariant:35 - Change position
2021-07-07 23:10:43 INFO  SortVariant:54 - Get current
2021-07-07 23:10:43 INFO  SortVariant:35 - Change position
2021-07-07 23:10:43 INFO  SortVariant:54 - Get current
2021-07-07 23:10:43 INFO  SortVariant:35 - Change position
2021-07-07 23:10:43 INFO  SortVariant:54 - Get current
2021-07-07 23:10:43 INFO  SortVariant:35 - Change position
2021-07-07 23:10:43 INFO  SortVariant:54 - Get current
2021-07-07 23:10:43 INFO  SortVariant:35 - Change position
2021-07-07 23:10:43 INFO  SortVariant:54 - Get current
2021-07-07 23:10:43 INFO  SortVariant:35 - Change position
2021-07-07 23:10:43 INFO  SortVariant:54 - Get current
2021-07-07 23:10:43 INFO  SortVariant:35 - Change position
2021-07-07 23:10:43 INFO  SortVariant:54 - Get current
2021-07-07 23:10:43 INFO  SortVariant:35 - Change position
2021-07-07 23:10:43 INFO  SortVariant:54 - Get current
2021-07-07 23:10:43 INFO  SortVariant:35 - Change position
2021-07-07 23:10:43 INFO  SortVariant:54 - Get current
2021-07-07 23:10:43 INFO  SortVariant:35 - Change position
2021-07-07 23:10:43 INFO  SortVariant:54 - Get current
2021-07-07 23:10:43 INFO  SortVariant:35 - Change position
2021-07-07 23:10:43 INFO  SortVariant:54 - Get current
2021-07-07 23:10:43 INFO  SortVariant:35 - Change position
2021-07-07 23:10:43 INFO  SortVariant:54 - Get current
2021-07-07 23:10:43 INFO  SortVariant:35 - Change position
2021-07-07 23:10:43 INFO  SortVariant:54 - Get current
2021-07-07 23:10:43 INFO  SortVariant:35 - Change position
2021-07-07 23:10:43 INFO  SortVariant:54 - Get current
2021-07-07 23:10:43 INFO  SortVariant:35 - Change position
2021-07-07 23:10:43 INFO  SortVariant:54 - Get current
2021-07-07 23:10:43 INFO  SortVariant:35 - Change position
2021-07-07 23:10:43 INFO  SortVariant:54 - Get current
2021-07-07 23:10:43 INFO  SortVariant:35 - Change position
2021-07-07 23:10:43 INFO  SortVariant:54 - Get current
2021-07-07 23:10:43 INFO  SortVariant:35 - Change position
2021-07-07 23:10:43 INFO  SortVariant:54 - Get current
2021-07-07 23:10:43 INFO  SortVariant:35 - Change position
2021-07-07 23:10:43 INFO  SortVariant:54 - Get current
2021-07-07 23:10:43 INFO  SortVariant:35 - Change position
2021-07-07 23:10:43 INFO  SortVariant:54 - Get current
2021-07-07 23:10:43 INFO  SortVariant:35 - Change position
2021-07-07 23:10:43 INFO  SortVariant:54 - Get current
2021-07-07 23:10:43 INFO  SortVariant:35 - Change position
2021-07-07 23:10:43 INFO  SortVariant:54 - Get current
2021-07-07 23:10:43 INFO  SortVariant:35 - Change position
2021-07-07 23:10:43 INFO  SortVariant:54 - Get current
2021-07-07 23:10:43 INFO  SortVariant:35 - Change position
2021-07-07 23:10:43 INFO  SortVariant:54 - Get current
2021-07-07 23:10:43 INFO  SortVariant:35 - Change position
2021-07-07 23:10:43 INFO  SortVariant:54 - Get current
2021-07-07 23:10:43 INFO  SortVariant:35 - Change position
2021-07-07 23:10:43 INFO  SortVariant:54 - Get current
2021-07-07 23:10:43 INFO  SortVariant:35 - Change position
2021-07-07 23:10:43 INFO  SortVariant:54 - Get current
2021-07-07 23:10:43 INFO  SortVariant:35 - Change position
2021-07-07 23:10:43 INFO  SortVariant:54 - Get current
2021-07-07 23:10:43 INFO  SortVariant:35 - Change position
2021-07-07 23:10:43 INFO  SortVariant:54 - Get current
2021-07-07 23:10:43 INFO  SortVariant:35 - Change position
2021-07-07 23:10:43 INFO  SortVariant:54 - Get current
2021-07-07 23:10:43 INFO  SortVariant:35 - Change position
2021-07-07 23:10:43 INFO  SortVariant:54 - Get current
2021-07-07 23:10:43 INFO  SortVariant:35 - Change position
2021-07-07 23:10:43 INFO  SortVariant:54 - Get current
2021-07-07 23:10:43 INFO  SortVariant:35 - Change position
2021-07-07 23:10:43 INFO  SortVariant:54 - Get current
2021-07-07 23:10:43 INFO  SortVariant:35 - Change position
2021-07-07 23:10:43 INFO  SortVariant:54 - Get current
2021-07-07 23:10:43 INFO  SortVariant:35 - Change position
2021-07-07 23:10:43 INFO  SortVariant:54 - Get current
2021-07-07 23:10:43 INFO  SortVariant:35 - Change position
2021-07-07 23:10:43 INFO  SortVariant:54 - Get current
2021-07-07 23:10:43 INFO  SortVariant:35 - Change position
2021-07-07 23:10:43 INFO  SortVariant:54 - Get current
2021-07-07 23:10:43 INFO  SortVariant:35 - Change position
2021-07-07 23:10:43 INFO  SortVariant:54 - Get current
2021-07-07 23:10:43 INFO  SortVariant:35 - Change position
2021-07-07 23:10:43 INFO  SortVariant:54 - Get current
2021-07-07 23:10:43 INFO  SortVariant:35 - Change position
2021-07-07 23:10:43 INFO  SortVariant:54 - Get current
2021-07-07 23:10:43 INFO  SortVariant:35 - Change position
2021-07-07 23:10:43 INFO  SortVariant:54 - Get current
2021-07-07 23:10:43 INFO  SortVariant:35 - Change position
2021-07-07 23:10:43 INFO  SortVariant:54 - Get current
2021-07-07 23:10:43 INFO  SortVariant:35 - Change position
2021-07-07 23:10:43 INFO  SortVariant:54 - Get current
2021-07-07 23:10:43 INFO  SortVariant:35 - Change position
2021-07-07 23:10:43 INFO  SortVariant:54 - Get current
2021-07-07 23:10:43 INFO  SortVariant:35 - Change position
2021-07-07 23:10:43 INFO  SortVariant:54 - Get current
2021-07-07 23:10:43 INFO  SortVariant:35 - Change position
2021-07-07 23:10:43 INFO  SortVariant:54 - Get current
2021-07-07 23:10:43 INFO  SortVariant:35 - Change position
2021-07-07 23:10:43 INFO  SortVariant:54 - Get current
2021-07-07 23:10:43 INFO  SortVariant:35 - Change position
2021-07-07 23:10:43 INFO  SortVariant:54 - Get current
2021-07-07 23:10:43 INFO  SortVariant:35 - Change position
2021-07-07 23:10:43 INFO  SortVariant:54 - Get current
2021-07-07 23:10:43 INFO  SortVariant:35 - Change position
2021-07-07 23:10:43 INFO  SortVariant:54 - Get current
2021-07-07 23:10:43 INFO  SortVariant:35 - Change position
2021-07-07 23:10:43 INFO  SortVariant:54 - Get current
2021-07-07 23:10:43 INFO  SortVariant:35 - Change position
2021-07-07 23:10:43 INFO  SortVariant:54 - Get current
2021-07-07 23:10:43 INFO  SortVariant:35 - Change position
2021-07-07 23:10:43 INFO  SortVariant:54 - Get current
2021-07-07 23:10:43 INFO  SortVariant:35 - Change position
2021-07-07 23:10:43 INFO  SortVariant:54 - Get current
2021-07-07 23:10:43 INFO  SortVariant:35 - Change position
2021-07-07 23:10:43 INFO  SortVariant:54 - Get current
2021-07-07 23:10:43 INFO  SortVariant:35 - Change position
2021-07-07 23:10:43 INFO  SortVariant:54 - Get current
2021-07-07 23:10:43 INFO  SortVariant:35 - Change position
2021-07-07 23:10:43 INFO  SortVariant:54 - Get current
2021-07-07 23:10:43 INFO  SortVariant:35 - Change position
2021-07-07 23:10:43 INFO  SortVariant:54 - Get current
2021-07-07 23:10:43 INFO  SortVariant:35 - Change position
2021-07-07 23:10:43 INFO  SortVariant:54 - Get current
2021-07-07 23:10:43 INFO  SortVariant:35 - Change position
2021-07-07 23:10:43 INFO  SortVariant:54 - Get current
2021-07-07 23:10:43 INFO  SortVariant:35 - Change position
2021-07-07 23:10:43 INFO  SortVariant:54 - Get current
2021-07-07 23:10:43 INFO  SortVariant:35 - Change position
2021-07-07 23:10:43 INFO  SortVariant:54 - Get current
2021-07-07 23:10:43 INFO  SortVariant:35 - Change position
2021-07-07 23:10:43 INFO  SortVariant:54 - Get current
2021-07-07 23:10:43 INFO  SortVariant:35 - Change position
2021-07-07 23:10:43 INFO  SortVariant:54 - Get current
2021-07-07 23:10:43 INFO  SortVariant:35 - Change position
2021-07-07 23:10:43 INFO  SortVariant:54 - Get current
2021-07-07 23:10:43 ERROR SortVariant:38 - Cant go prev
2021-07-07 23:10:43 ERROR SortVariant:38 - Cant go prev
2021-07-07 23:10:43 INFO  SortVariant:49 - Move to first
2021-07-07 23:10:43 INFO  BubbleSort:36 - Bubble steps
2021-07-07 23:10:43 INFO  CocktailSort:17 - Cocktail steps
2021-07-07 23:10:43 INFO  BubbleSort:36 - Bubble steps
2021-07-07 23:10:43 INFO  CocktailSort:17 - Cocktail steps
2021-07-07 23:10:43 INFO  HeapSort:17 - Heap steps
2021-07-07 23:10:43 INFO  BubbleSort:36 - Bubble steps
2021-07-07 23:14:29 INFO  BubbleSort:25 - Bubble
2021-07-07 23:17:00 INFO  HeapSort:17 - Heap steps
2021-07-07 23:17:00 INFO  CocktailSort:17 - Cocktail steps
2021-07-07 23:17:00 INFO  HeapSort:17 - Heap steps
2021-07-07 23:17:00 INFO  BubbleSort:36 - Bubble steps
2021-07-07 23:17:00 INFO  SortVariant:54 - Get current
2021-07-07 23:17:00 INFO  SortVariant:25 - Change position
2021-07-07 23:17:00 INFO  SortVariant:54 - Get current
2021-07-07 23:17:00 INFO  SortVariant:25 - Change position
2021-07-07 23:17:00 INFO  SortVariant:54 - Get current
2021-07-07 23:17:00 INFO  SortVariant:25 - Change position
2021-07-07 23:17:00 INFO  SortVariant:54 - Get current
2021-07-07 23:17:00 INFO  SortVariant:25 - Change position
2021-07-07 23:17:00 INFO  SortVariant:54 - Get current
2021-07-07 23:17:00 INFO  SortVariant:25 - Change position
2021-07-07 23:17:00 INFO  SortVariant:54 - Get current
2021-07-07 23:17:00 INFO  SortVariant:25 - Change position
2021-07-07 23:17:00 INFO  SortVariant:54 - Get current
2021-07-07 23:17:00 INFO  SortVariant:25 - Change position
2021-07-07 23:17:00 INFO  SortVariant:54 - Get current
2021-07-07 23:17:00 INFO  SortVariant:25 - Change position
2021-07-07 23:17:00 INFO  SortVariant:54 - Get current
2021-07-07 23:17:00 INFO  SortVariant:25 - Change position
2021-07-07 23:17:00 INFO  SortVariant:54 - Get current
2021-07-07 23:17:00 INFO  SortVariant:25 - Change position
2021-07-07 23:17:00 INFO  SortVariant:54 - Get current
2021-07-07 23:17:00 INFO  SortVariant:25 - Change position
2021-07-07 23:17:00 INFO  SortVariant:54 - Get current
2021-07-07 23:17:00 INFO  SortVariant:25 - Change position
2021-07-07 23:17:00 INFO  SortVariant:54 - Get current
2021-07-07 23:17:00 INFO  SortVariant:25 - Change position
2021-07-07 23:17:00 INFO  SortVariant:54 - Get current
2021-07-07 23:17:00 INFO  SortVariant:25 - Change position
2021-07-07 23:17:00 INFO  SortVariant:54 - Get current
2021-07-07 23:17:00 INFO  SortVariant:25 - Change position
2021-07-07 23:17:00 INFO  SortVariant:54 - Get current
2021-07-07 23:17:00 INFO  SortVariant:25 - Change position
2021-07-07 23:17:00 INFO  SortVariant:54 - Get current
2021-07-07 23:17:00 INFO  SortVariant:25 - Change position
2021-07-07 23:17:00 INFO  SortVariant:54 - Get current
2021-07-07 23:17:00 INFO  SortVariant:25 - Change position
2021-07-07 23:17:00 INFO  SortVariant:54 - Get current
2021-07-07 23:17:00 INFO  SortVariant:25 - Change position
2021-07-07 23:17:00 INFO  SortVariant:54 - Get current
2021-07-07 23:17:00 INFO  SortVariant:25 - Change position
2021-07-07 23:17:00 INFO  SortVariant:54 - Get current
2021-07-07 23:17:00 INFO  SortVariant:25 - Change position
2021-07-07 23:17:00 INFO  SortVariant:54 - Get current
2021-07-07 23:17:00 INFO  SortVariant:25 - Change position
2021-07-07 23:17:00 INFO  SortVariant:54 - Get current
2021-07-07 23:17:00 INFO  SortVariant:25 - Change position
2021-07-07 23:17:00 INFO  SortVariant:54 - Get current
2021-07-07 23:17:00 INFO  SortVariant:25 - Change position
2021-07-07 23:17:00 INFO  SortVariant:54 - Get current
2021-07-07 23:17:00 INFO  SortVariant:25 - Change position
2021-07-07 23:17:00 INFO  SortVariant:54 - Get current
2021-07-07 23:17:00 INFO  SortVariant:25 - Change position
2021-07-07 23:17:00 INFO  SortVariant:54 - Get current
2021-07-07 23:17:00 INFO  SortVariant:25 - Change position
2021-07-07 23:17:00 INFO  SortVariant:54 - Get current
2021-07-07 23:17:00 INFO  SortVariant:25 - Change position
2021-07-07 23:17:00 INFO  SortVariant:54 - Get current
2021-07-07 23:17:00 INFO  SortVariant:25 - Change position
2021-07-07 23:17:00 INFO  SortVariant:54 - Get current
2021-07-07 23:17:00 INFO  SortVariant:25 - Change position
2021-07-07 23:17:00 INFO  SortVariant:54 - Get current
2021-07-07 23:17:00 INFO  SortVariant:25 - Change position
2021-07-07 23:17:00 INFO  SortVariant:54 - Get current
2021-07-07 23:17:00 INFO  SortVariant:25 - Change position
2021-07-07 23:17:00 INFO  SortVariant:54 - Get current
2021-07-07 23:17:00 INFO  SortVariant:25 - Change position
2021-07-07 23:17:00 INFO  SortVariant:54 - Get current
2021-07-07 23:17:00 INFO  SortVariant:25 - Change position
2021-07-07 23:17:00 INFO  SortVariant:54 - Get current
2021-07-07 23:17:00 INFO  SortVariant:25 - Change position
2021-07-07 23:17:00 INFO  SortVariant:54 - Get current
2021-07-07 23:17:00 INFO  SortVariant:25 - Change position
2021-07-07 23:17:00 INFO  SortVariant:54 - Get current
2021-07-07 23:17:00 INFO  SortVariant:25 - Change position
2021-07-07 23:17:00 INFO  SortVariant:54 - Get current
2021-07-07 23:17:00 INFO  SortVariant:25 - Change position
2021-07-07 23:17:00 INFO  SortVariant:54 - Get current
2021-07-07 23:17:00 INFO  SortVariant:25 - Change position
2021-07-07 23:17:00 INFO  SortVariant:54 - Get current
2021-07-07 23:17:00 INFO  SortVariant:25 - Change position
2021-07-07 23:17:00 INFO  SortVariant:54 - Get current
2021-07-07 23:17:00 INFO  SortVariant:25 - Change position
2021-07-07 23:17:00 INFO  SortVariant:54 - Get current
2021-07-07 23:17:00 INFO  SortVariant:25 - Change position
2021-07-07 23:17:00 INFO  SortVariant:54 - Get current
2021-07-07 23:17:00 INFO  SortVariant:25 - Change position
2021-07-07 23:17:00 INFO  SortVariant:54 - Get current
2021-07-07 23:17:00 INFO  SortVariant:25 - Change position
2021-07-07 23:17:00 INFO  SortVariant:54 - Get current
2021-07-07 23:17:00 INFO  SortVariant:25 - Change position
2021-07-07 23:17:00 INFO  SortVariant:54 - Get current
2021-07-07 23:17:00 INFO  SortVariant:25 - Change position
2021-07-07 23:17:00 INFO  SortVariant:54 - Get current
2021-07-07 23:17:00 INFO  SortVariant:25 - Change position
2021-07-07 23:17:00 INFO  SortVariant:54 - Get current
2021-07-07 23:17:00 INFO  SortVariant:25 - Change position
2021-07-07 23:17:00 INFO  SortVariant:54 - Get current
2021-07-07 23:17:00 INFO  SortVariant:25 - Change position
2021-07-07 23:17:00 INFO  SortVariant:54 - Get current
2021-07-07 23:17:00 INFO  SortVariant:25 - Change position
2021-07-07 23:17:00 INFO  SortVariant:54 - Get current
2021-07-07 23:17:00 INFO  SortVariant:25 - Change position
2021-07-07 23:17:00 INFO  SortVariant:54 - Get current
2021-07-07 23:17:00 INFO  SortVariant:25 - Change position
2021-07-07 23:17:00 INFO  SortVariant:54 - Get current
2021-07-07 23:17:00 INFO  SortVariant:25 - Change position
2021-07-07 23:17:00 INFO  SortVariant:54 - Get current
2021-07-07 23:17:00 INFO  SortVariant:25 - Change position
2021-07-07 23:17:00 INFO  SortVariant:54 - Get current
2021-07-07 23:17:00 INFO  SortVariant:25 - Change position
2021-07-07 23:17:00 INFO  SortVariant:54 - Get current
2021-07-07 23:17:00 INFO  SortVariant:25 - Change position
2021-07-07 23:17:00 INFO  SortVariant:54 - Get current
2021-07-07 23:17:00 INFO  SortVariant:25 - Change position
2021-07-07 23:17:00 INFO  SortVariant:54 - Get current
2021-07-07 23:17:00 INFO  SortVariant:25 - Change position
2021-07-07 23:17:00 INFO  SortVariant:54 - Get current
2021-07-07 23:17:00 INFO  SortVariant:25 - Change position
2021-07-07 23:17:00 INFO  SortVariant:54 - Get current
2021-07-07 23:17:00 INFO  SortVariant:25 - Change position
2021-07-07 23:17:00 INFO  SortVariant:54 - Get current
2021-07-07 23:17:00 INFO  SortVariant:25 - Change position
2021-07-07 23:17:00 INFO  SortVariant:54 - Get current
2021-07-07 23:17:00 INFO  SortVariant:25 - Change position
2021-07-07 23:17:00 INFO  SortVariant:54 - Get current
2021-07-07 23:17:00 INFO  SortVariant:25 - Change position
2021-07-07 23:17:00 INFO  SortVariant:54 - Get current
2021-07-07 23:17:00 INFO  SortVariant:25 - Change position
2021-07-07 23:17:00 INFO  SortVariant:54 - Get current
2021-07-07 23:17:00 INFO  SortVariant:25 - Change position
2021-07-07 23:17:00 INFO  SortVariant:54 - Get current
2021-07-07 23:17:00 INFO  SortVariant:25 - Change position
2021-07-07 23:17:00 INFO  SortVariant:54 - Get current
2021-07-07 23:17:00 INFO  SortVariant:25 - Change position
2021-07-07 23:17:00 INFO  SortVariant:54 - Get current
2021-07-07 23:17:00 INFO  SortVariant:25 - Change position
2021-07-07 23:17:00 INFO  SortVariant:54 - Get current
2021-07-07 23:17:00 INFO  SortVariant:25 - Change position
2021-07-07 23:17:00 INFO  SortVariant:54 - Get current
2021-07-07 23:17:00 INFO  SortVariant:25 - Change position
2021-07-07 23:17:00 INFO  SortVariant:54 - Get current
2021-07-07 23:17:00 ERROR SortVariant:28 - Cant go next
2021-07-07 23:17:00 ERROR SortVariant:28 - Cant go next
2021-07-07 23:17:00 INFO  SortVariant:44 - Move to last
2021-07-07 23:17:00 INFO  SortVariant:54 - Get current
2021-07-07 23:17:00 INFO  SortVariant:35 - Change position
2021-07-07 23:17:00 INFO  SortVariant:54 - Get current
2021-07-07 23:17:00 INFO  SortVariant:35 - Change position
2021-07-07 23:17:00 INFO  SortVariant:54 - Get current
2021-07-07 23:17:00 INFO  SortVariant:35 - Change position
2021-07-07 23:17:00 INFO  SortVariant:54 - Get current
2021-07-07 23:17:00 INFO  SortVariant:35 - Change position
2021-07-07 23:17:00 INFO  SortVariant:54 - Get current
2021-07-07 23:17:00 INFO  SortVariant:35 - Change position
2021-07-07 23:17:00 INFO  SortVariant:54 - Get current
2021-07-07 23:17:00 INFO  SortVariant:35 - Change position
2021-07-07 23:17:00 INFO  SortVariant:54 - Get current
2021-07-07 23:17:00 INFO  SortVariant:35 - Change position
2021-07-07 23:17:00 INFO  SortVariant:54 - Get current
2021-07-07 23:17:00 INFO  SortVariant:35 - Change position
2021-07-07 23:17:00 INFO  SortVariant:54 - Get current
2021-07-07 23:17:00 INFO  SortVariant:35 - Change position
2021-07-07 23:17:00 INFO  SortVariant:54 - Get current
2021-07-07 23:17:00 INFO  SortVariant:35 - Change position
2021-07-07 23:17:00 INFO  SortVariant:54 - Get current
2021-07-07 23:17:00 INFO  SortVariant:35 - Change position
2021-07-07 23:17:00 INFO  SortVariant:54 - Get current
2021-07-07 23:17:00 INFO  SortVariant:35 - Change position
2021-07-07 23:17:00 INFO  SortVariant:54 - Get current
2021-07-07 23:17:00 INFO  SortVariant:35 - Change position
2021-07-07 23:17:00 INFO  SortVariant:54 - Get current
2021-07-07 23:17:00 INFO  SortVariant:35 - Change position
2021-07-07 23:17:00 INFO  SortVariant:54 - Get current
2021-07-07 23:17:00 INFO  SortVariant:35 - Change position
2021-07-07 23:17:00 INFO  SortVariant:54 - Get current
2021-07-07 23:17:00 INFO  SortVariant:35 - Change position
2021-07-07 23:17:00 INFO  SortVariant:54 - Get current
2021-07-07 23:17:00 INFO  SortVariant:35 - Change position
2021-07-07 23:17:00 INFO  SortVariant:54 - Get current
2021-07-07 23:17:00 INFO  SortVariant:35 - Change position
2021-07-07 23:17:00 INFO  SortVariant:54 - Get current
2021-07-07 23:17:00 INFO  SortVariant:35 - Change position
2021-07-07 23:17:00 INFO  SortVariant:54 - Get current
2021-07-07 23:17:00 INFO  SortVariant:35 - Change position
2021-07-07 23:17:00 INFO  SortVariant:54 - Get current
2021-07-07 23:17:00 INFO  SortVariant:35 - Change position
2021-07-07 23:17:00 INFO  SortVariant:54 - Get current
2021-07-07 23:17:00 INFO  SortVariant:35 - Change position
2021-07-07 23:17:00 INFO  SortVariant:54 - Get current
2021-07-07 23:17:00 INFO  SortVariant:35 - Change position
2021-07-07 23:17:00 INFO  SortVariant:54 - Get current
2021-07-07 23:17:00 INFO  SortVariant:35 - Change position
2021-07-07 23:17:00 INFO  SortVariant:54 - Get current
2021-07-07 23:17:00 INFO  SortVariant:35 - Change position
2021-07-07 23:17:00 INFO  SortVariant:54 - Get current
2021-07-07 23:17:00 INFO  SortVariant:35 - Change position
2021-07-07 23:17:00 INFO  SortVariant:54 - Get current
2021-07-07 23:17:00 INFO  SortVariant:35 - Change position
2021-07-07 23:17:00 INFO  SortVariant:54 - Get current
2021-07-07 23:17:00 INFO  SortVariant:35 - Change position
2021-07-07 23:17:00 INFO  SortVariant:54 - Get current
2021-07-07 23:17:00 INFO  SortVariant:35 - Change position
2021-07-07 23:17:00 INFO  SortVariant:54 - Get current
2021-07-07 23:17:00 INFO  SortVariant:35 - Change position
2021-07-07 23:17:00 INFO  SortVariant:54 - Get current
2021-07-07 23:17:00 INFO  SortVariant:35 - Change position
2021-07-07 23:17:00 INFO  SortVariant:54 - Get current
2021-07-07 23:17:00 INFO  SortVariant:35 - Change position
2021-07-07 23:17:00 INFO  SortVariant:54 - Get current
2021-07-07 23:17:00 INFO  SortVariant:35 - Change position
2021-07-07 23:17:00 INFO  SortVariant:54 - Get current
2021-07-07 23:17:00 INFO  SortVariant:35 - Change position
2021-07-07 23:17:00 INFO  SortVariant:54 - Get current
2021-07-07 23:17:00 INFO  SortVariant:35 - Change position
2021-07-07 23:17:00 INFO  SortVariant:54 - Get current
2021-07-07 23:17:00 INFO  SortVariant:35 - Change position
2021-07-07 23:17:00 INFO  SortVariant:54 - Get current
2021-07-07 23:17:00 INFO  SortVariant:35 - Change position
2021-07-07 23:17:00 INFO  SortVariant:54 - Get current
2021-07-07 23:17:00 INFO  SortVariant:35 - Change position
2021-07-07 23:17:00 INFO  SortVariant:54 - Get current
2021-07-07 23:17:00 INFO  SortVariant:35 - Change position
2021-07-07 23:17:00 INFO  SortVariant:54 - Get current
2021-07-07 23:17:00 INFO  SortVariant:35 - Change position
2021-07-07 23:17:00 INFO  SortVariant:54 - Get current
2021-07-07 23:17:00 INFO  SortVariant:35 - Change position
2021-07-07 23:17:00 INFO  SortVariant:54 - Get current
2021-07-07 23:17:00 INFO  SortVariant:35 - Change position
2021-07-07 23:17:00 INFO  SortVariant:54 - Get current
2021-07-07 23:17:00 INFO  SortVariant:35 - Change position
2021-07-07 23:17:00 INFO  SortVariant:54 - Get current
2021-07-07 23:17:00 INFO  SortVariant:35 - Change position
2021-07-07 23:17:00 INFO  SortVariant:54 - Get current
2021-07-07 23:17:00 INFO  SortVariant:35 - Change position
2021-07-07 23:17:00 INFO  SortVariant:54 - Get current
2021-07-07 23:17:00 INFO  SortVariant:35 - Change position
2021-07-07 23:17:00 INFO  SortVariant:54 - Get current
2021-07-07 23:17:00 INFO  SortVariant:35 - Change position
2021-07-07 23:17:00 INFO  SortVariant:54 - Get current
2021-07-07 23:17:00 INFO  SortVariant:35 - Change position
2021-07-07 23:17:00 INFO  SortVariant:54 - Get current
2021-07-07 23:17:00 INFO  SortVariant:35 - Change position
2021-07-07 23:17:00 INFO  SortVariant:54 - Get current
2021-07-07 23:17:00 INFO  SortVariant:35 - Change position
2021-07-07 23:17:00 INFO  SortVariant:54 - Get current
2021-07-07 23:17:00 INFO  SortVariant:35 - Change position
2021-07-07 23:17:00 INFO  SortVariant:54 - Get current
2021-07-07 23:17:00 INFO  SortVariant:35 - Change position
2021-07-07 23:17:00 INFO  SortVariant:54 - Get current
2021-07-07 23:17:00 INFO  SortVariant:35 - Change position
2021-07-07 23:17:00 INFO  SortVariant:54 - Get current
2021-07-07 23:17:00 INFO  SortVariant:35 - Change position
2021-07-07 23:17:00 INFO  SortVariant:54 - Get current
2021-07-07 23:17:00 INFO  SortVariant:35 - Change position
2021-07-07 23:17:00 INFO  SortVariant:54 - Get current
2021-07-07 23:17:00 INFO  SortVariant:35 - Change position
2021-07-07 23:17:00 INFO  SortVariant:54 - Get current
2021-07-07 23:17:00 INFO  SortVariant:35 - Change position
2021-07-07 23:17:00 INFO  SortVariant:54 - Get current
2021-07-07 23:17:00 INFO  SortVariant:35 - Change position
2021-07-07 23:17:00 INFO  SortVariant:54 - Get current
2021-07-07 23:17:00 INFO  SortVariant:35 - Change position
2021-07-07 23:17:00 INFO  SortVariant:54 - Get current
2021-07-07 23:17:00 INFO  SortVariant:35 - Change position
2021-07-07 23:17:00 INFO  SortVariant:54 - Get current
2021-07-07 23:17:00 INFO  SortVariant:35 - Change position
2021-07-07 23:17:00 INFO  SortVariant:54 - Get current
2021-07-07 23:17:00 INFO  SortVariant:35 - Change position
2021-07-07 23:17:00 INFO  SortVariant:54 - Get current
2021-07-07 23:17:00 INFO  SortVariant:35 - Change position
2021-07-07 23:17:00 INFO  SortVariant:54 - Get current
2021-07-07 23:17:00 INFO  SortVariant:35 - Change position
2021-07-07 23:17:00 INFO  SortVariant:54 - Get current
2021-07-07 23:17:00 INFO  SortVariant:35 - Change position
2021-07-07 23:17:00 INFO  SortVariant:54 - Get current
2021-07-07 23:17:00 INFO  SortVariant:35 - Change position
2021-07-07 23:17:00 INFO  SortVariant:54 - Get current
2021-07-07 23:17:00 INFO  SortVariant:35 - Change position
2021-07-07 23:17:00 INFO  SortVariant:54 - Get current
2021-07-07 23:17:00 INFO  SortVariant:35 - Change position
2021-07-07 23:17:00 INFO  SortVariant:54 - Get current
2021-07-07 23:17:00 INFO  SortVariant:35 - Change position
2021-07-07 23:17:00 INFO  SortVariant:54 - Get current
2021-07-07 23:17:00 INFO  SortVariant:35 - Change position
2021-07-07 23:17:00 INFO  SortVariant:54 - Get current
2021-07-07 23:17:00 ERROR SortVariant:38 - Cant go prev
2021-07-07 23:17:00 ERROR SortVariant:38 - Cant go prev
2021-07-07 23:17:00 INFO  SortVariant:49 - Move to first
2021-07-07 23:17:00 INFO  BubbleSort:36 - Bubble steps
2021-07-07 23:17:00 INFO  CocktailSort:17 - Cocktail steps
2021-07-07 23:17:00 INFO  BubbleSort:36 - Bubble steps
2021-07-07 23:17:00 INFO  CocktailSort:17 - Cocktail steps
2021-07-07 23:17:00 INFO  HeapSort:17 - Heap steps
2021-07-07 23:17:00 INFO  BubbleSort:36 - Bubble steps
